mode: atomic
music-streaming/backend/internal/uploader/account.go:23.76,24.35 1 12
music-streaming/backend/internal/uploader/account.go:24.35,27.3 2 1
music-streaming/backend/internal/uploader/account.go:29.2,30.33 2 11
music-streaming/backend/internal/uploader/account.go:30.33,33.3 2 1
music-streaming/backend/internal/uploader/account.go:35.2,43.42 3 10
music-streaming/backend/internal/uploader/account.go:43.42,44.15 1 17
music-streaming/backend/internal/uploader/account.go:44.15,46.4 1 16
music-streaming/backend/internal/uploader/account.go:49.2,49.28 1 10
music-streaming/backend/internal/uploader/account.go:49.28,51.21 2 9
music-streaming/backend/internal/uploader/account.go:51.21,53.4 1 1
music-streaming/backend/internal/uploader/account.go:53.9,54.38 1 8
music-streaming/backend/internal/uploader/account.go:54.38,55.76 1 14
music-streaming/backend/internal/uploader/account.go:55.76,57.6 1 14
music-streaming/backend/internal/uploader/account.go:63.2,63.38 1 10
music-streaming/backend/internal/uploader/account.go:63.38,64.57 1 17
music-streaming/backend/internal/uploader/account.go:64.57,66.4 1 1
music-streaming/backend/internal/uploader/account.go:72.2,72.26 1 10
music-streaming/backend/internal/uploader/account.go:72.26,73.70 1 0
music-streaming/backend/internal/uploader/account.go:73.70,75.4 1 0
music-streaming/backend/internal/uploader/account.go:79.2,79.21 1 10
music-streaming/backend/internal/uploader/account.go:79.21,81.3 1 2
music-streaming/backend/internal/uploader/account.go:84.2,84.30 1 10
music-streaming/backend/internal/uploader/account.go:84.30,85.75 1 2
music-streaming/backend/internal/uploader/account.go:85.75,87.4 1 1
music-streaming/backend/internal/uploader/account.go:91.2,93.37 2 10
music-streaming/backend/internal/uploader/account.go:98.72,102.16 2 20
music-streaming/backend/internal/uploader/account.go:102.16,103.28 1 2
music-streaming/backend/internal/uploader/account.go:103.28,105.4 1 1
music-streaming/backend/internal/uploader/account.go:106.3,106.13 1 1
music-streaming/backend/internal/uploader/account.go:109.2,109.31 1 18
music-streaming/backend/internal/uploader/account.go:109.31,111.40 2 3
music-streaming/backend/internal/uploader/account.go:111.40,113.4 1 4
music-streaming/backend/internal/uploader/account.go:114.3,117.18 1 3
music-streaming/backend/internal/uploader/account.go:117.18,119.4 1 0
music-streaming/backend/internal/uploader/account.go:122.2,124.43 1 18
music-streaming/backend/internal/uploader/account.go:124.43,126.3 1 0
music-streaming/backend/internal/uploader/account.go:127.2,127.12 1 18
music-streaming/backend/internal/uploader/audit.go:50.80,58.2 1 0
music-streaming/backend/internal/uploader/audit.go:62.73,64.2 1 3
music-streaming/backend/internal/uploader/audit.go:67.80,69.16 2 3
music-streaming/backend/internal/uploader/audit.go:69.16,71.3 1 0
music-streaming/backend/internal/uploader/audit.go:72.2,72.67 1 3
music-streaming/backend/internal/uploader/audit.go:76.44,78.2 1 0
music-streaming/backend/internal/uploader/audit.go:86.73,86.87 1 74
music-streaming/backend/internal/uploader/audit.go:89.43,89.57 1 1
music-streaming/backend/internal/uploader/audit.go:95.78,106.19 3 71
music-streaming/backend/internal/uploader/audit.go:106.19,109.3 2 49
music-streaming/backend/internal/uploader/audit.go:111.2,111.12 1 71
music-streaming/backend/internal/uploader/audit.go:111.12,112.67 1 71
music-streaming/backend/internal/uploader/audit.go:112.67,114.4 1 0
music-streaming/backend/internal/uploader/audit.go:119.37,120.47 1 75
music-streaming/backend/internal/uploader/audit.go:120.47,122.3 1 1
music-streaming/backend/internal/uploader/audit.go:123.2,123.53 1 74
music-streaming/backend/internal/uploader/audit.go:123.53,125.32 1 2
music-streaming/backend/internal/uploader/audit.go:125.32,126.20 1 17
music-streaming/backend/internal/uploader/audit.go:126.20,128.5 1 1
music-streaming/backend/internal/uploader/audit.go:130.3,130.12 1 1
music-streaming/backend/internal/uploader/audit.go:132.2,133.16 2 72
music-streaming/backend/internal/uploader/audit.go:133.16,135.3 1 47
music-streaming/backend/internal/uploader/audit.go:136.2,136.13 1 25
music-streaming/backend/internal/uploader/auth.go:35.79,36.18 1 6
music-streaming/backend/internal/uploader/auth.go:36.18,38.72 1 1
music-streaming/backend/internal/uploader/auth.go:38.72,47.4 3 1
music-streaming/backend/internal/uploader/auth.go:50.2,50.71 1 5
music-streaming/backend/internal/uploader/auth.go:50.71,52.16 2 5
music-streaming/backend/internal/uploader/auth.go:52.16,55.4 2 1
music-streaming/backend/internal/uploader/auth.go:57.3,58.17 2 4
music-streaming/backend/internal/uploader/auth.go:58.17,61.4 2 2
music-streaming/backend/internal/uploader/auth.go:63.3,64.40 2 2
music-streaming/backend/internal/uploader/auth.go:70.43,73.61 3 5
music-streaming/backend/internal/uploader/auth.go:73.61,75.3 1 3
music-streaming/backend/internal/uploader/auth.go:76.2,76.35 1 2
music-streaming/backend/internal/uploader/auth.go:81.92,84.16 2 4
music-streaming/backend/internal/uploader/auth.go:84.16,86.3 1 0
music-streaming/backend/internal/uploader/auth.go:88.2,90.16 3 4
music-streaming/backend/internal/uploader/auth.go:90.16,92.3 1 2
music-streaming/backend/internal/uploader/auth.go:93.2,93.18 1 2
music-streaming/backend/internal/uploader/auth.go:93.18,95.3 1 0
music-streaming/backend/internal/uploader/auth.go:96.2,96.35 1 2
music-streaming/backend/internal/uploader/auth.go:96.35,98.3 1 0
music-streaming/backend/internal/uploader/auth.go:100.2,105.8 1 2
music-streaming/backend/internal/uploader/bucket.go:19.65,23.2 3 141
music-streaming/backend/internal/uploader/bucket.go:26.39,30.2 3 30
music-streaming/backend/internal/uploader/bucket.go:34.72,38.16 2 46
music-streaming/backend/internal/uploader/bucket.go:38.16,40.3 1 22
music-streaming/backend/internal/uploader/bucket.go:41.2,41.27 1 24
music-streaming/backend/internal/uploader/bucket.go:41.27,43.3 1 21
music-streaming/backend/internal/uploader/bucket.go:44.2,44.19 1 3
music-streaming/backend/internal/uploader/bucket.go:48.70,49.18 1 16
music-streaming/backend/internal/uploader/bucket.go:50.22,51.29 1 3
music-streaming/backend/internal/uploader/bucket.go:52.23,53.30 1 12
music-streaming/backend/internal/uploader/bucket.go:54.10,55.67 1 1
music-streaming/backend/internal/uploader/bucket.go:61.73,66.41 2 31
music-streaming/backend/internal/uploader/bucket.go:66.41,67.33 1 2
music-streaming/backend/internal/uploader/bucket.go:67.33,70.4 2 1
music-streaming/backend/internal/uploader/bucket.go:71.3,72.9 2 1
music-streaming/backend/internal/uploader/bucket.go:75.2,75.40 1 29
music-streaming/backend/internal/uploader/bucket.go:75.40,77.34 2 14
music-streaming/backend/internal/uploader/bucket.go:77.34,80.4 2 1
music-streaming/backend/internal/uploader/bucket.go:81.3,82.9 2 13
music-streaming/backend/internal/uploader/bucket.go:86.2,86.41 1 15
music-streaming/backend/internal/uploader/bucket.go:86.41,88.34 2 2
music-streaming/backend/internal/uploader/bucket.go:88.34,91.4 2 1
music-streaming/backend/internal/uploader/bucket.go:92.3,93.9 2 1
music-streaming/backend/internal/uploader/bucket.go:97.2,97.39 1 13
music-streaming/backend/internal/uploader/bucket.go:97.39,100.3 2 1
music-streaming/backend/internal/uploader/bucket.go:103.2,104.18 2 12
music-streaming/backend/internal/uploader/bucket.go:105.25,106.36 1 11
music-streaming/backend/internal/uploader/bucket.go:107.10,108.67 1 1
music-streaming/backend/internal/uploader/bucket.go:114.74,116.16 2 7
music-streaming/backend/internal/uploader/bucket.go:116.16,119.3 2 0
music-streaming/backend/internal/uploader/bucket.go:121.2,131.35 4 7
music-streaming/backend/internal/uploader/bucket.go:131.35,133.28 2 12
music-streaming/backend/internal/uploader/bucket.go:133.28,135.4 1 12
music-streaming/backend/internal/uploader/bucket.go:139.2,140.58 2 7
music-streaming/backend/internal/uploader/bucket.go:140.58,142.17 2 4
music-streaming/backend/internal/uploader/bucket.go:142.17,143.30 1 4
music-streaming/backend/internal/uploader/bucket.go:143.30,144.47 1 1
music-streaming/backend/internal/uploader/bucket.go:144.47,146.6 1 1
music-streaming/backend/internal/uploader/bucket.go:151.2,154.35 2 7
music-streaming/backend/internal/uploader/bucket.go:154.35,156.49 2 12
music-streaming/backend/internal/uploader/bucket.go:156.49,157.12 1 2
music-streaming/backend/internal/uploader/bucket.go:159.3,159.23 1 10
music-streaming/backend/internal/uploader/bucket.go:159.23,160.12 1 1
music-streaming/backend/internal/uploader/bucket.go:162.3,163.28 2 9
music-streaming/backend/internal/uploader/bucket.go:163.28,165.4 1 9
music-streaming/backend/internal/uploader/bucket.go:166.3,166.34 1 9
music-streaming/backend/internal/uploader/bucket.go:170.2,170.56 1 7
music-streaming/backend/internal/uploader/bucket.go:170.56,172.17 2 4
music-streaming/backend/internal/uploader/bucket.go:172.17,174.30 2 3
music-streaming/backend/internal/uploader/bucket.go:174.30,176.5 1 3
music-streaming/backend/internal/uploader/bucket.go:177.4,177.40 1 3
music-streaming/backend/internal/uploader/bucket.go:177.40,179.49 2 1
music-streaming/backend/internal/uploader/bucket.go:179.49,180.14 1 0
music-streaming/backend/internal/uploader/bucket.go:182.5,184.32 3 1
music-streaming/backend/internal/uploader/bucket.go:189.2,191.59 3 7
music-streaming/backend/internal/uploader/bucket.go:199.75,204.62 2 12
music-streaming/backend/internal/uploader/bucket.go:204.62,207.3 2 0
music-streaming/backend/internal/uploader/bucket.go:209.2,211.23 2 12
music-streaming/backend/internal/uploader/bucket.go:211.23,213.17 1 6
music-streaming/backend/internal/uploader/bucket.go:213.17,216.4 2 1
music-streaming/backend/internal/uploader/bucket.go:217.3,217.38 1 5
music-streaming/backend/internal/uploader/bucket.go:217.38,220.48 1 3
music-streaming/backend/internal/uploader/bucket.go:220.48,223.5 2 2
music-streaming/backend/internal/uploader/bucket.go:224.4,225.29 2 1
music-streaming/backend/internal/uploader/bucket.go:225.29,228.5 2 0
music-streaming/backend/internal/uploader/bucket.go:231.3,231.45 1 3
music-streaming/backend/internal/uploader/bucket.go:232.8,234.42 1 6
music-streaming/backend/internal/uploader/bucket.go:234.42,237.4 2 1
music-streaming/backend/internal/uploader/bucket.go:240.2,240.40 1 8
music-streaming/backend/internal/uploader/bucket.go:240.40,243.3 2 1
music-streaming/backend/internal/uploader/bucket.go:246.2,247.16 2 7
music-streaming/backend/internal/uploader/bucket.go:247.16,250.3 2 0
music-streaming/backend/internal/uploader/bucket.go:251.2,251.12 1 7
music-streaming/backend/internal/uploader/bucket.go:251.12,254.3 2 1
music-streaming/backend/internal/uploader/bucket.go:256.2,258.17 1 6
music-streaming/backend/internal/uploader/bucket.go:258.17,261.3 2 1
music-streaming/backend/internal/uploader/bucket.go:264.2,264.30 1 5
music-streaming/backend/internal/uploader/bucket.go:264.30,266.3 1 0
music-streaming/backend/internal/uploader/bucket.go:271.2,271.84 1 5
music-streaming/backend/internal/uploader/bucket.go:271.84,273.3 1 0
music-streaming/backend/internal/uploader/bucket.go:276.2,276.86 1 5
music-streaming/backend/internal/uploader/bucket.go:276.86,278.3 1 1
music-streaming/backend/internal/uploader/bucket.go:280.2,286.77 4 5
music-streaming/backend/internal/uploader/bucket.go:293.88,295.43 2 16
music-streaming/backend/internal/uploader/bucket.go:295.43,298.3 2 1
music-streaming/backend/internal/uploader/bucket.go:300.2,300.16 1 15
music-streaming/backend/internal/uploader/bucket.go:300.16,303.3 2 0
music-streaming/backend/internal/uploader/bucket.go:306.2,306.21 1 15
music-streaming/backend/internal/uploader/bucket.go:306.21,307.17 1 8
music-streaming/backend/internal/uploader/bucket.go:307.17,310.4 2 2
music-streaming/backend/internal/uploader/bucket.go:312.3,313.17 2 6
music-streaming/backend/internal/uploader/bucket.go:313.17,316.4 2 1
music-streaming/backend/internal/uploader/bucket.go:317.3,317.14 1 5
music-streaming/backend/internal/uploader/bucket.go:317.14,320.4 2 1
music-streaming/backend/internal/uploader/bucket.go:322.3,322.103 1 4
music-streaming/backend/internal/uploader/bucket.go:322.103,323.57 1 2
music-streaming/backend/internal/uploader/bucket.go:323.57,326.5 2 1
music-streaming/backend/internal/uploader/bucket.go:327.4,328.10 2 1
music-streaming/backend/internal/uploader/bucket.go:331.3,333.9 3 2
music-streaming/backend/internal/uploader/bucket.go:337.2,338.16 2 7
music-streaming/backend/internal/uploader/bucket.go:338.16,341.3 2 1
music-streaming/backend/internal/uploader/bucket.go:342.2,342.13 1 6
music-streaming/backend/internal/uploader/bucket.go:342.13,345.3 2 1
music-streaming/backend/internal/uploader/bucket.go:348.2,351.16 2 5
music-streaming/backend/internal/uploader/bucket.go:351.16,354.3 2 1
music-streaming/backend/internal/uploader/bucket.go:356.2,356.31 1 4
music-streaming/backend/internal/uploader/bucket.go:356.31,358.40 2 2
music-streaming/backend/internal/uploader/bucket.go:358.40,360.4 1 3
music-streaming/backend/internal/uploader/bucket.go:361.3,364.18 1 2
music-streaming/backend/internal/uploader/bucket.go:364.18,367.4 2 1
music-streaming/backend/internal/uploader/bucket.go:370.2,372.17 1 3
music-streaming/backend/internal/uploader/bucket.go:372.17,375.3 2 1
music-streaming/backend/internal/uploader/bucket.go:377.2,378.74 2 2
music-streaming/backend/internal/uploader/bucket.go:385.91,386.85 1 13
music-streaming/backend/internal/uploader/bucket.go:386.85,389.3 2 1
music-streaming/backend/internal/uploader/bucket.go:391.2,391.19 1 12
music-streaming/backend/internal/uploader/bucket.go:391.19,394.3 2 0
music-streaming/backend/internal/uploader/bucket.go:396.2,399.62 2 12
music-streaming/backend/internal/uploader/bucket.go:399.62,402.3 2 1
music-streaming/backend/internal/uploader/bucket.go:403.2,403.43 1 11
music-streaming/backend/internal/uploader/bucket.go:403.43,406.3 2 1
music-streaming/backend/internal/uploader/bucket.go:407.2,407.29 1 10
music-streaming/backend/internal/uploader/bucket.go:407.29,410.3 2 1
music-streaming/backend/internal/uploader/bucket.go:413.2,414.16 2 9
music-streaming/backend/internal/uploader/bucket.go:414.16,417.3 2 0
music-streaming/backend/internal/uploader/bucket.go:418.2,418.16 1 9
music-streaming/backend/internal/uploader/bucket.go:418.16,421.3 2 1
music-streaming/backend/internal/uploader/bucket.go:424.2,425.16 2 8
music-streaming/backend/internal/uploader/bucket.go:425.16,428.3 2 0
music-streaming/backend/internal/uploader/bucket.go:429.2,429.15 1 8
music-streaming/backend/internal/uploader/bucket.go:429.15,432.3 2 1
music-streaming/backend/internal/uploader/bucket.go:435.2,437.17 1 7
music-streaming/backend/internal/uploader/bucket.go:437.17,440.3 2 1
music-streaming/backend/internal/uploader/bucket.go:443.2,446.16 2 6
music-streaming/backend/internal/uploader/bucket.go:446.16,449.3 2 1
music-streaming/backend/internal/uploader/bucket.go:451.2,451.39 1 5
music-streaming/backend/internal/uploader/bucket.go:451.39,457.18 2 3
music-streaming/backend/internal/uploader/bucket.go:457.18,460.4 2 1
music-streaming/backend/internal/uploader/bucket.go:464.2,464.31 1 4
music-streaming/backend/internal/uploader/bucket.go:464.31,466.40 2 2
music-streaming/backend/internal/uploader/bucket.go:466.40,468.4 1 2
music-streaming/backend/internal/uploader/bucket.go:469.3,472.18 1 2
music-streaming/backend/internal/uploader/bucket.go:472.18,475.4 2 1
music-streaming/backend/internal/uploader/bucket.go:478.2,480.17 1 3
music-streaming/backend/internal/uploader/bucket.go:480.17,483.3 2 1
music-streaming/backend/internal/uploader/bucket.go:485.2,490.80 3 2
music-streaming/backend/internal/uploader/bucket.go:495.78,496.21 1 5
music-streaming/backend/internal/uploader/bucket.go:496.21,499.3 2 2
music-streaming/backend/internal/uploader/bucket.go:501.2,502.33 2 3
music-streaming/backend/internal/uploader/bucket.go:502.33,505.3 2 1
music-streaming/backend/internal/uploader/bucket.go:507.2,508.16 2 2
music-streaming/backend/internal/uploader/bucket.go:508.16,511.3 2 1
music-streaming/backend/internal/uploader/bucket.go:513.2,515.71 3 1
music-streaming/backend/internal/uploader/bucket.go:520.89,521.21 1 6
music-streaming/backend/internal/uploader/bucket.go:521.21,524.3 2 2
music-streaming/backend/internal/uploader/bucket.go:526.2,526.82 1 4
music-streaming/backend/internal/uploader/bucket.go:526.82,529.3 2 1
music-streaming/backend/internal/uploader/bucket.go:531.2,531.16 1 3
music-streaming/backend/internal/uploader/bucket.go:531.16,534.3 2 0
music-streaming/backend/internal/uploader/bucket.go:536.2,536.66 1 3
music-streaming/backend/internal/uploader/bucket.go:536.66,537.58 1 2
music-streaming/backend/internal/uploader/bucket.go:537.58,540.4 2 1
music-streaming/backend/internal/uploader/bucket.go:541.3,542.9 2 1
music-streaming/backend/internal/uploader/bucket.go:545.2,546.86 2 1
music-streaming/backend/internal/uploader/bucket.go:551.72,553.61 2 0
music-streaming/backend/internal/uploader/bucket.go:553.61,556.3 2 0
music-streaming/backend/internal/uploader/bucket.go:557.2,569.17 1 0
music-streaming/backend/internal/uploader/bucket.go:569.17,571.3 1 0
music-streaming/backend/internal/uploader/bucket.go:577.73,596.16 3 0
music-streaming/backend/internal/uploader/bucket.go:596.16,599.3 1 0
music-streaming/backend/internal/uploader/claims.go:23.61,26.2 2 242
music-streaming/backend/internal/uploader/claims.go:31.54,32.37 1 67
music-streaming/backend/internal/uploader/claims.go:32.37,33.15 1 62
music-streaming/backend/internal/uploader/claims.go:33.15,35.4 1 14
music-streaming/backend/internal/uploader/claims.go:36.3,36.18 1 48
music-streaming/backend/internal/uploader/claims.go:36.18,38.4 1 32
music-streaming/backend/internal/uploader/claims.go:39.3,39.40 1 16
music-streaming/backend/internal/uploader/claims.go:39.40,41.4 1 2
music-streaming/backend/internal/uploader/claims.go:43.2,43.14 1 19
music-streaming/backend/internal/uploader/claims.go:49.49,50.23 1 59
music-streaming/backend/internal/uploader/claims.go:50.23,52.3 1 1
music-streaming/backend/internal/uploader/claims.go:53.2,53.37 1 58
music-streaming/backend/internal/uploader/claims.go:53.37,54.15 1 56
music-streaming/backend/internal/uploader/claims.go:54.15,55.12 1 1
music-streaming/backend/internal/uploader/claims.go:57.3,57.18 1 55
music-streaming/backend/internal/uploader/claims.go:57.18,59.4 1 42
music-streaming/backend/internal/uploader/claims.go:60.3,60.40 1 13
music-streaming/backend/internal/uploader/claims.go:60.40,62.4 1 8
music-streaming/backend/internal/uploader/claims.go:64.2,64.14 1 8
music-streaming/backend/internal/uploader/content_producer.go:39.84,47.2 1 0
music-streaming/backend/internal/uploader/content_producer.go:51.77,53.2 1 2
music-streaming/backend/internal/uploader/content_producer.go:56.91,58.16 2 2
music-streaming/backend/internal/uploader/content_producer.go:58.16,60.3 1 0
music-streaming/backend/internal/uploader/content_producer.go:61.2,61.67 1 2
music-streaming/backend/internal/uploader/content_producer.go:65.46,67.2 1 0
music-streaming/backend/internal/uploader/content_producer.go:75.84,75.98 1 2
music-streaming/backend/internal/uploader/content_producer.go:78.45,78.59 1 1
music-streaming/backend/internal/uploader/cors.go:15.43,17.25 2 5
music-streaming/backend/internal/uploader/cors.go:17.25,19.3 1 4
music-streaming/backend/internal/uploader/cors.go:20.2,20.71 1 5
music-streaming/backend/internal/uploader/cors.go:20.71,28.37 6 5
music-streaming/backend/internal/uploader/cors.go:28.37,31.4 2 2
music-streaming/backend/internal/uploader/cors.go:33.3,33.23 1 3
music-streaming/backend/internal/uploader/fileversion.go:19.83,24.16 2 14
music-streaming/backend/internal/uploader/fileversion.go:24.16,26.3 1 3
music-streaming/backend/internal/uploader/fileversion.go:27.2,31.76 3 11
music-streaming/backend/internal/uploader/fileversion.go:31.76,32.70 1 11
music-streaming/backend/internal/uploader/fileversion.go:32.70,34.4 1 11
music-streaming/backend/internal/uploader/fileversion.go:36.2,36.16 1 0
music-streaming/backend/internal/uploader/fileversion.go:43.101,44.54 1 9
music-streaming/backend/internal/uploader/fileversion.go:44.54,45.54 1 9
music-streaming/backend/internal/uploader/fileversion.go:45.54,49.4 3 1
music-streaming/backend/internal/uploader/fileversion.go:52.2,52.21 1 8
music-streaming/backend/internal/uploader/fileversion.go:52.21,55.3 2 1
music-streaming/backend/internal/uploader/fileversion.go:58.2,62.16 2 7
music-streaming/backend/internal/uploader/fileversion.go:62.16,63.28 1 2
music-streaming/backend/internal/uploader/fileversion.go:63.28,66.4 2 1
music-streaming/backend/internal/uploader/fileversion.go:67.3,68.9 2 1
music-streaming/backend/internal/uploader/fileversion.go:70.2,71.34 2 5
music-streaming/backend/internal/uploader/fileversion.go:71.34,73.3 1 5
music-streaming/backend/internal/uploader/fileversion.go:76.2,84.17 3 5
music-streaming/backend/internal/uploader/fileversion.go:84.17,87.3 2 1
music-streaming/backend/internal/uploader/fileversion.go:90.2,106.17 2 4
music-streaming/backend/internal/uploader/fileversion.go:106.17,109.3 2 1
music-streaming/backend/internal/uploader/fileversion.go:112.2,113.16 2 3
music-streaming/backend/internal/uploader/fileversion.go:113.16,116.3 2 1
music-streaming/backend/internal/uploader/fileversion.go:119.2,119.27 1 2
music-streaming/backend/internal/uploader/fileversion.go:119.27,121.46 2 2
music-streaming/backend/internal/uploader/fileversion.go:121.46,123.35 2 1
music-streaming/backend/internal/uploader/fileversion.go:123.35,137.78 3 1
music-streaming/backend/internal/uploader/fileversion.go:137.78,139.6 1 0
music-streaming/backend/internal/uploader/fileversion.go:144.2,152.4 4 2
music-streaming/backend/internal/uploader/fileversion.go:158.94,159.54 1 5
music-streaming/backend/internal/uploader/fileversion.go:159.54,160.54 1 5
music-streaming/backend/internal/uploader/fileversion.go:160.54,164.4 3 1
music-streaming/backend/internal/uploader/fileversion.go:167.2,167.21 1 4
music-streaming/backend/internal/uploader/fileversion.go:167.21,170.3 2 1
music-streaming/backend/internal/uploader/fileversion.go:172.2,173.20 2 3
music-streaming/backend/internal/uploader/fileversion.go:173.20,176.3 2 1
music-streaming/backend/internal/uploader/fileversion.go:178.2,179.16 2 2
music-streaming/backend/internal/uploader/fileversion.go:179.16,182.3 2 1
music-streaming/backend/internal/uploader/fileversion.go:184.2,185.69 2 1
music-streaming/backend/internal/uploader/fileversion.go:191.100,192.54 1 6
music-streaming/backend/internal/uploader/fileversion.go:192.54,193.54 1 6
music-streaming/backend/internal/uploader/fileversion.go:193.54,197.4 3 1
music-streaming/backend/internal/uploader/fileversion.go:200.2,200.21 1 5
music-streaming/backend/internal/uploader/fileversion.go:200.21,203.3 2 1
music-streaming/backend/internal/uploader/fileversion.go:216.2,223.16 4 4
music-streaming/backend/internal/uploader/fileversion.go:223.16,226.3 2 1
music-streaming/backend/internal/uploader/fileversion.go:229.2,230.39 2 3
music-streaming/backend/internal/uploader/fileversion.go:230.39,232.37 2 3
music-streaming/backend/internal/uploader/fileversion.go:232.37,233.12 1 0
music-streaming/backend/internal/uploader/fileversion.go:236.3,238.21 3 3
music-streaming/backend/internal/uploader/fileversion.go:238.21,239.12 1 0
music-streaming/backend/internal/uploader/fileversion.go:241.3,243.17 3 3
music-streaming/backend/internal/uploader/fileversion.go:243.17,244.12 1 0
music-streaming/backend/internal/uploader/fileversion.go:246.3,246.27 1 3
music-streaming/backend/internal/uploader/fileversion.go:246.27,247.28 1 2
music-streaming/backend/internal/uploader/fileversion.go:247.28,250.10 3 2
music-streaming/backend/internal/uploader/fileversion.go:253.3,253.27 1 3
music-streaming/backend/internal/uploader/fileversion.go:253.27,254.9 1 2
music-streaming/backend/internal/uploader/fileversion.go:258.2,258.26 1 3
music-streaming/backend/internal/uploader/fileversion.go:258.26,261.3 2 1
music-streaming/backend/internal/uploader/fileversion.go:264.2,267.16 2 2
music-streaming/backend/internal/uploader/fileversion.go:267.16,268.46 1 2
music-streaming/backend/internal/uploader/fileversion.go:268.46,272.42 2 1
music-streaming/backend/internal/uploader/fileversion.go:272.42,273.13 1 1
music-streaming/backend/internal/uploader/fileversion.go:275.4,276.49 2 0
music-streaming/backend/internal/uploader/fileversion.go:276.49,283.55 3 0
music-streaming/backend/internal/uploader/fileversion.go:283.55,285.6 1 0
music-streaming/backend/internal/uploader/fileversion.go:286.5,307.122 5 0
music-streaming/backend/internal/uploader/fileversion.go:307.122,309.6 1 0
music-streaming/backend/internal/uploader/fileversion.go:310.5,310.10 1 0
music-streaming/backend/internal/uploader/fileversion.go:316.2,321.17 2 2
music-streaming/backend/internal/uploader/fileversion.go:321.17,324.3 2 1
music-streaming/backend/internal/uploader/fileversion.go:327.2,346.68 3 1
music-streaming/backend/internal/uploader/fileversion.go:346.68,348.3 1 0
music-streaming/backend/internal/uploader/fileversion.go:350.2,353.69 3 1
music-streaming/backend/internal/uploader/fileversion.go:359.99,360.54 1 5
music-streaming/backend/internal/uploader/fileversion.go:360.54,361.54 1 5
music-streaming/backend/internal/uploader/fileversion.go:361.54,365.4 3 1
music-streaming/backend/internal/uploader/fileversion.go:368.2,368.21 1 4
music-streaming/backend/internal/uploader/fileversion.go:368.21,371.3 2 1
music-streaming/backend/internal/uploader/fileversion.go:374.2,380.16 3 3
music-streaming/backend/internal/uploader/fileversion.go:380.16,383.3 2 1
music-streaming/backend/internal/uploader/fileversion.go:385.2,386.39 2 2
music-streaming/backend/internal/uploader/fileversion.go:386.39,388.37 2 2
music-streaming/backend/internal/uploader/fileversion.go:388.37,389.12 1 0
music-streaming/backend/internal/uploader/fileversion.go:391.3,393.21 3 2
music-streaming/backend/internal/uploader/fileversion.go:393.21,394.12 1 0
music-streaming/backend/internal/uploader/fileversion.go:396.3,398.17 3 2
music-streaming/backend/internal/uploader/fileversion.go:398.17,399.12 1 0
music-streaming/backend/internal/uploader/fileversion.go:401.3,401.27 1 2
music-streaming/backend/internal/uploader/fileversion.go:401.27,402.28 1 1
music-streaming/backend/internal/uploader/fileversion.go:402.28,404.10 2 1
music-streaming/backend/internal/uploader/fileversion.go:407.3,407.27 1 2
music-streaming/backend/internal/uploader/fileversion.go:407.27,408.9 1 1
music-streaming/backend/internal/uploader/fileversion.go:412.2,412.26 1 2
music-streaming/backend/internal/uploader/fileversion.go:412.26,415.3 2 1
music-streaming/backend/internal/uploader/fileversion.go:418.2,431.68 3 1
music-streaming/backend/internal/uploader/fileversion.go:431.68,434.3 2 0
music-streaming/backend/internal/uploader/fileversion.go:436.2,437.37 2 1
music-streaming/backend/internal/uploader/jwk_rsa.go:12.74,14.16 2 4
music-streaming/backend/internal/uploader/jwk_rsa.go:14.16,16.3 1 1
music-streaming/backend/internal/uploader/jwk_rsa.go:18.2,19.16 2 3
music-streaming/backend/internal/uploader/jwk_rsa.go:19.16,21.3 1 1
music-streaming/backend/internal/uploader/jwk_rsa.go:23.2,27.27 3 2
music-streaming/backend/internal/uploader/jwk_rsa.go:27.27,29.3 1 4
music-streaming/backend/internal/uploader/jwk_rsa.go:30.2,30.12 1 2
music-streaming/backend/internal/uploader/jwk_rsa.go:30.12,32.3 1 1
music-streaming/backend/internal/uploader/jwk_rsa.go:34.2,34.40 1 1
music-streaming/backend/internal/uploader/keycloak.go:31.93,32.62 1 5
music-streaming/backend/internal/uploader/keycloak.go:32.62,34.3 1 3
music-streaming/backend/internal/uploader/keycloak.go:35.2,36.21 2 2
music-streaming/backend/internal/uploader/keycloak.go:36.21,38.3 1 1
music-streaming/backend/internal/uploader/keycloak.go:39.2,44.3 1 1
music-streaming/backend/internal/uploader/keycloak.go:49.92,51.16 2 4
music-streaming/backend/internal/uploader/keycloak.go:51.16,53.3 1 1
music-streaming/backend/internal/uploader/keycloak.go:57.2,57.60 1 3
music-streaming/backend/internal/uploader/keycloak.go:57.60,59.3 1 0
music-streaming/backend/internal/uploader/keycloak.go:61.2,62.16 2 3
music-streaming/backend/internal/uploader/keycloak.go:62.16,64.3 1 1
music-streaming/backend/internal/uploader/keycloak.go:67.2,67.45 1 2
music-streaming/backend/internal/uploader/keycloak.go:67.45,68.18 1 1
music-streaming/backend/internal/uploader/keycloak.go:68.18,70.4 1 1
music-streaming/backend/internal/uploader/keycloak.go:72.2,74.69 2 1
music-streaming/backend/internal/uploader/keycloak.go:74.69,76.3 1 0
music-streaming/backend/internal/uploader/keycloak.go:77.2,77.12 1 1
music-streaming/backend/internal/uploader/keycloak.go:80.82,89.16 4 6
music-streaming/backend/internal/uploader/keycloak.go:89.16,91.3 1 0
music-streaming/backend/internal/uploader/keycloak.go:92.2,95.16 3 6
music-streaming/backend/internal/uploader/keycloak.go:95.16,97.3 1 0
music-streaming/backend/internal/uploader/keycloak.go:98.2,100.38 2 6
music-streaming/backend/internal/uploader/keycloak.go:100.38,102.3 1 2
music-streaming/backend/internal/uploader/keycloak.go:103.2,106.67 2 4
music-streaming/backend/internal/uploader/keycloak.go:106.67,108.3 1 0
music-streaming/backend/internal/uploader/keycloak.go:109.2,109.32 1 4
music-streaming/backend/internal/uploader/keycloak.go:112.123,114.54 1 3
music-streaming/backend/internal/uploader/keycloak.go:114.54,118.17 3 4
music-streaming/backend/internal/uploader/keycloak.go:118.17,120.4 1 0
music-streaming/backend/internal/uploader/keycloak.go:121.3,124.17 3 4
music-streaming/backend/internal/uploader/keycloak.go:124.17,126.4 1 0
music-streaming/backend/internal/uploader/keycloak.go:127.3,133.53 4 4
music-streaming/backend/internal/uploader/keycloak.go:133.53,134.12 1 0
music-streaming/backend/internal/uploader/keycloak.go:136.3,136.22 1 4
music-streaming/backend/internal/uploader/keycloak.go:136.22,137.12 1 2
music-streaming/backend/internal/uploader/keycloak.go:139.3,140.26 2 2
music-streaming/backend/internal/uploader/keycloak.go:140.26,142.4 1 0
music-streaming/backend/internal/uploader/keycloak.go:143.3,143.33 1 2
music-streaming/backend/internal/uploader/keycloak.go:145.2,145.78 1 1
music-streaming/backend/internal/uploader/keycloak.go:148.123,151.16 3 1
music-streaming/backend/internal/uploader/keycloak.go:151.16,153.3 1 0
music-streaming/backend/internal/uploader/keycloak.go:154.2,155.16 2 1
music-streaming/backend/internal/uploader/keycloak.go:155.16,157.3 1 0
music-streaming/backend/internal/uploader/keycloak.go:158.2,162.16 4 1
music-streaming/backend/internal/uploader/keycloak.go:162.16,164.3 1 0
music-streaming/backend/internal/uploader/keycloak.go:165.2,167.45 2 1
music-streaming/backend/internal/uploader/keycloak.go:167.45,169.3 1 0
music-streaming/backend/internal/uploader/keycloak.go:170.2,170.12 1 1
music-streaming/backend/internal/uploader/keycloak.go:175.84,177.16 2 2
music-streaming/backend/internal/uploader/keycloak.go:177.16,179.3 1 1
music-streaming/backend/internal/uploader/keycloak.go:181.2,183.16 3 1
music-streaming/backend/internal/uploader/keycloak.go:183.16,185.3 1 0
music-streaming/backend/internal/uploader/keycloak.go:186.2,189.16 3 1
music-streaming/backend/internal/uploader/keycloak.go:189.16,191.3 1 0
music-streaming/backend/internal/uploader/keycloak.go:192.2,194.45 2 1
music-streaming/backend/internal/uploader/keycloak.go:194.45,196.3 1 0
music-streaming/backend/internal/uploader/keycloak.go:197.2,197.12 1 1
music-streaming/backend/internal/uploader/keycloak.go:203.94,207.16 3 3
music-streaming/backend/internal/uploader/keycloak.go:207.16,209.3 1 0
music-streaming/backend/internal/uploader/keycloak.go:210.2,213.16 3 3
music-streaming/backend/internal/uploader/keycloak.go:213.16,215.3 1 0
music-streaming/backend/internal/uploader/keycloak.go:216.2,219.52 4 3
music-streaming/backend/internal/uploader/keycloak.go:219.52,221.3 1 0
music-streaming/backend/internal/uploader/keycloak.go:223.2,224.26 2 3
music-streaming/backend/internal/uploader/keycloak.go:224.26,225.47 1 1
music-streaming/backend/internal/uploader/keycloak.go:225.47,226.39 1 1
music-streaming/backend/internal/uploader/keycloak.go:226.39,228.5 1 1
music-streaming/backend/internal/uploader/keycloak.go:233.2,246.16 4 2
music-streaming/backend/internal/uploader/keycloak.go:246.16,248.3 1 0
music-streaming/backend/internal/uploader/keycloak.go:249.2,250.16 2 2
music-streaming/backend/internal/uploader/keycloak.go:250.16,252.3 1 0
music-streaming/backend/internal/uploader/keycloak.go:253.2,257.16 4 2
music-streaming/backend/internal/uploader/keycloak.go:257.16,259.3 1 0
music-streaming/backend/internal/uploader/keycloak.go:260.2,262.38 2 2
music-streaming/backend/internal/uploader/keycloak.go:262.38,264.3 1 0
music-streaming/backend/internal/uploader/keycloak.go:265.2,265.12 1 2
music-streaming/backend/internal/uploader/provision.go:23.78,24.71 1 4
music-streaming/backend/internal/uploader/provision.go:24.71,25.66 1 4
music-streaming/backend/internal/uploader/provision.go:25.66,28.4 2 2
music-streaming/backend/internal/uploader/provision.go:29.3,29.23 1 2
music-streaming/backend/internal/uploader/provision.go:37.47,42.2 4 28
music-streaming/backend/internal/uploader/provision.go:53.76,54.33 1 10
music-streaming/backend/internal/uploader/provision.go:54.33,57.3 2 1
music-streaming/backend/internal/uploader/provision.go:59.2,60.62 2 9
music-streaming/backend/internal/uploader/provision.go:60.62,63.3 2 0
music-streaming/backend/internal/uploader/provision.go:65.2,66.21 2 9
music-streaming/backend/internal/uploader/provision.go:66.21,69.3 2 1
music-streaming/backend/internal/uploader/provision.go:71.2,74.16 3 8
music-streaming/backend/internal/uploader/provision.go:74.16,77.3 2 1
music-streaming/backend/internal/uploader/provision.go:79.2,80.13 2 7
music-streaming/backend/internal/uploader/provision.go:80.13,83.18 1 5
music-streaming/backend/internal/uploader/provision.go:83.18,86.4 2 1
music-streaming/backend/internal/uploader/provision.go:87.3,90.49 2 4
music-streaming/backend/internal/uploader/provision.go:90.49,92.4 1 0
music-streaming/backend/internal/uploader/provision.go:97.2,97.50 1 6
music-streaming/backend/internal/uploader/provision.go:97.50,98.92 1 2
music-streaming/backend/internal/uploader/provision.go:98.92,101.4 2 1
music-streaming/backend/internal/uploader/provision.go:104.2,105.25 2 5
music-streaming/backend/internal/uploader/provision.go:105.25,110.3 4 3
music-streaming/backend/internal/uploader/provision.go:111.2,112.84 2 2
music-streaming/backend/internal/uploader/purge.go:18.67,23.53 2 7
music-streaming/backend/internal/uploader/purge.go:23.53,26.3 2 1
music-streaming/backend/internal/uploader/purge.go:27.2,27.28 1 6
music-streaming/backend/internal/uploader/purge.go:27.28,30.3 2 1
music-streaming/backend/internal/uploader/purge.go:32.2,38.50 3 5
music-streaming/backend/internal/uploader/purge.go:38.50,41.3 2 1
music-streaming/backend/internal/uploader/purge.go:44.2,44.49 1 4
music-streaming/backend/internal/uploader/purge.go:44.49,46.40 2 2
music-streaming/backend/internal/uploader/purge.go:46.40,48.4 1 2
music-streaming/backend/internal/uploader/purge.go:49.3,52.18 1 2
music-streaming/backend/internal/uploader/purge.go:52.18,55.4 2 1
music-streaming/backend/internal/uploader/purge.go:59.2,61.43 1 3
music-streaming/backend/internal/uploader/purge.go:61.43,64.3 2 0
music-streaming/backend/internal/uploader/purge.go:67.2,67.21 1 3
music-streaming/backend/internal/uploader/purge.go:67.21,68.79 1 2
music-streaming/backend/internal/uploader/purge.go:68.79,70.4 1 2
music-streaming/backend/internal/uploader/purge.go:74.2,74.21 1 3
music-streaming/backend/internal/uploader/purge.go:74.21,75.75 1 2
music-streaming/backend/internal/uploader/purge.go:75.75,77.4 1 0
music-streaming/backend/internal/uploader/purge.go:81.2,81.12 1 3
music-streaming/backend/internal/uploader/purge.go:81.12,89.18 1 3
music-streaming/backend/internal/uploader/purge.go:89.18,91.4 1 0
music-streaming/backend/internal/uploader/purge.go:94.2,94.79 1 3
music-streaming/backend/internal/uploader/server.go:70.88,72.21 1 53
music-streaming/backend/internal/uploader/server.go:72.21,73.83 1 29
music-streaming/backend/internal/uploader/server.go:73.83,75.4 1 1
music-streaming/backend/internal/uploader/server.go:77.2,77.36 1 52
music-streaming/backend/internal/uploader/server.go:77.36,79.3 1 37
music-streaming/backend/internal/uploader/server.go:83.2,83.62 1 15
music-streaming/backend/internal/uploader/server.go:83.62,85.3 1 1
music-streaming/backend/internal/uploader/server.go:86.2,86.43 1 14
music-streaming/backend/internal/uploader/server.go:86.43,88.3 1 12
music-streaming/backend/internal/uploader/server.go:89.2,90.16 2 2
music-streaming/backend/internal/uploader/server.go:90.16,92.3 1 0
music-streaming/backend/internal/uploader/server.go:93.2,93.11 1 2
music-streaming/backend/internal/uploader/server.go:98.46,100.13 2 14
music-streaming/backend/internal/uploader/server.go:100.13,102.3 1 3
music-streaming/backend/internal/uploader/server.go:103.2,103.56 1 11
music-streaming/backend/internal/uploader/server.go:107.36,115.131 6 0
music-streaming/backend/internal/uploader/server.go:115.131,116.23 1 0
music-streaming/backend/internal/uploader/server.go:116.23,122.4 1 0
music-streaming/backend/internal/uploader/server.go:123.3,123.54 1 0
music-streaming/backend/internal/uploader/server.go:126.2,131.16 2 0
music-streaming/backend/internal/uploader/server.go:131.16,133.3 1 0
music-streaming/backend/internal/uploader/server.go:136.2,136.56 1 0
music-streaming/backend/internal/uploader/server.go:136.56,138.3 1 0
music-streaming/backend/internal/uploader/server.go:140.2,141.16 2 0
music-streaming/backend/internal/uploader/server.go:141.16,143.3 1 0
music-streaming/backend/internal/uploader/server.go:145.2,146.53 2 0
music-streaming/backend/internal/uploader/server.go:146.53,147.53 1 0
music-streaming/backend/internal/uploader/server.go:147.53,149.4 1 0
music-streaming/backend/internal/uploader/server.go:152.2,153.50 2 0
music-streaming/backend/internal/uploader/server.go:153.50,154.54 1 0
music-streaming/backend/internal/uploader/server.go:154.54,156.4 1 0
music-streaming/backend/internal/uploader/server.go:162.2,163.65 2 0
music-streaming/backend/internal/uploader/server.go:163.65,164.132 1 0
music-streaming/backend/internal/uploader/server.go:164.132,166.4 1 0
music-streaming/backend/internal/uploader/server.go:167.3,172.17 2 0
music-streaming/backend/internal/uploader/server.go:172.17,173.64 1 0
music-streaming/backend/internal/uploader/server.go:173.64,173.89 1 0
music-streaming/backend/internal/uploader/server.go:174.4,174.45 1 0
music-streaming/backend/internal/uploader/server.go:178.2,188.8 1 0
music-streaming/backend/internal/uploader/server.go:192.85,204.16 5 5
music-streaming/backend/internal/uploader/server.go:204.16,206.3 1 0
music-streaming/backend/internal/uploader/server.go:208.2,208.53 1 5
music-streaming/backend/internal/uploader/server.go:214.112,227.16 6 0
music-streaming/backend/internal/uploader/server.go:227.16,229.3 1 0
music-streaming/backend/internal/uploader/server.go:231.2,231.52 1 0
music-streaming/backend/internal/uploader/server.go:235.75,236.49 1 0
music-streaming/backend/internal/uploader/server.go:236.49,238.3 1 0
music-streaming/backend/internal/uploader/server.go:240.2,241.16 2 0
music-streaming/backend/internal/uploader/server.go:241.16,243.3 1 0
music-streaming/backend/internal/uploader/server.go:245.2,250.46 4 0
music-streaming/backend/internal/uploader/server.go:250.46,251.13 1 0
music-streaming/backend/internal/uploader/server.go:251.13,252.44 1 0
music-streaming/backend/internal/uploader/server.go:252.44,265.5 4 0
music-streaming/backend/internal/uploader/server.go:269.2,269.37 1 0
music-streaming/backend/internal/uploader/server.go:274.57,275.50 1 6
music-streaming/backend/internal/uploader/server.go:275.50,278.40 3 7
music-streaming/backend/internal/uploader/server.go:278.40,280.18 2 3
music-streaming/backend/internal/uploader/server.go:280.18,282.5 1 3
music-streaming/backend/internal/uploader/server.go:285.2,285.11 1 3
music-streaming/backend/internal/uploader/server.go:295.68,300.63 3 13
music-streaming/backend/internal/uploader/server.go:300.63,303.3 2 1
music-streaming/backend/internal/uploader/server.go:306.2,306.68 1 12
music-streaming/backend/internal/uploader/server.go:306.68,309.3 2 1
music-streaming/backend/internal/uploader/server.go:312.2,312.75 1 11
music-streaming/backend/internal/uploader/server.go:312.75,315.3 2 1
music-streaming/backend/internal/uploader/server.go:318.2,318.96 1 10
music-streaming/backend/internal/uploader/server.go:318.96,322.3 3 1
music-streaming/backend/internal/uploader/server.go:325.2,330.82 4 9
music-streaming/backend/internal/uploader/server.go:330.82,334.3 3 0
music-streaming/backend/internal/uploader/server.go:337.2,337.82 1 9
music-streaming/backend/internal/uploader/server.go:337.82,340.23 3 0
music-streaming/backend/internal/uploader/server.go:340.23,343.4 2 0
music-streaming/backend/internal/uploader/server.go:347.2,347.122 1 9
music-streaming/backend/internal/uploader/server.go:347.122,350.23 3 0
music-streaming/backend/internal/uploader/server.go:350.23,353.4 2 0
music-streaming/backend/internal/uploader/server.go:357.2,357.85 1 9
music-streaming/backend/internal/uploader/server.go:357.85,360.60 3 0
music-streaming/backend/internal/uploader/server.go:360.60,363.4 2 0
music-streaming/backend/internal/uploader/server.go:367.2,367.27 1 9
music-streaming/backend/internal/uploader/server.go:367.27,369.19 2 7
music-streaming/backend/internal/uploader/server.go:370.23,371.25 1 3
music-streaming/backend/internal/uploader/server.go:371.25,374.5 2 1
music-streaming/backend/internal/uploader/server.go:375.4,375.71 1 2
music-streaming/backend/internal/uploader/server.go:375.71,378.5 2 1
music-streaming/backend/internal/uploader/server.go:379.4,380.10 2 1
music-streaming/backend/internal/uploader/server.go:381.24,382.60 1 2
music-streaming/backend/internal/uploader/server.go:382.60,383.60 1 1
music-streaming/backend/internal/uploader/server.go:383.60,386.6 2 1
music-streaming/backend/internal/uploader/server.go:388.4,389.10 2 1
music-streaming/backend/internal/uploader/server.go:390.26,392.10 2 1
music-streaming/backend/internal/uploader/server.go:393.11,395.10 2 1
music-streaming/backend/internal/uploader/server.go:400.2,400.63 1 2
music-streaming/backend/internal/uploader/server.go:400.63,402.19 2 2
music-streaming/backend/internal/uploader/server.go:402.19,405.4 2 1
music-streaming/backend/internal/uploader/server.go:407.3,407.55 1 1
music-streaming/backend/internal/uploader/server.go:407.55,408.55 1 1
music-streaming/backend/internal/uploader/server.go:408.55,412.5 3 1
music-streaming/backend/internal/uploader/server.go:415.3,416.17 2 0
music-streaming/backend/internal/uploader/server.go:416.17,419.4 2 0
music-streaming/backend/internal/uploader/server.go:422.3,426.9 4 0
music-streaming/backend/internal/uploader/server.go:430.2,430.26 1 0
music-streaming/backend/internal/uploader/server.go:430.26,433.17 3 0
music-streaming/backend/internal/uploader/server.go:433.17,436.4 2 0
music-streaming/backend/internal/uploader/server.go:437.3,438.9 2 0
music-streaming/backend/internal/uploader/server.go:442.2,442.30 1 0
music-streaming/backend/internal/uploader/server.go:447.72,449.18 2 5
music-streaming/backend/internal/uploader/server.go:449.18,452.3 2 2
music-streaming/backend/internal/uploader/server.go:454.2,454.54 1 3
music-streaming/backend/internal/uploader/server.go:454.54,455.54 1 1
music-streaming/backend/internal/uploader/server.go:455.54,459.4 3 1
music-streaming/backend/internal/uploader/server.go:462.2,465.16 2 2
music-streaming/backend/internal/uploader/server.go:465.16,466.28 1 1
music-streaming/backend/internal/uploader/server.go:466.28,469.4 2 1
music-streaming/backend/internal/uploader/server.go:470.3,471.9 2 0
music-streaming/backend/internal/uploader/server.go:474.2,484.38 3 1
music-streaming/backend/internal/uploader/server.go:484.38,487.91 2 2
music-streaming/backend/internal/uploader/server.go:487.91,488.12 1 1
music-streaming/backend/internal/uploader/server.go:492.3,497.17 3 1
music-streaming/backend/internal/uploader/server.go:497.17,501.78 2 1
music-streaming/backend/internal/uploader/server.go:501.78,502.72 1 1
music-streaming/backend/internal/uploader/server.go:502.72,504.6 1 1
music-streaming/backend/internal/uploader/server.go:506.4,506.24 1 1
music-streaming/backend/internal/uploader/server.go:509.3,510.30 2 1
music-streaming/backend/internal/uploader/server.go:510.30,512.4 1 0
music-streaming/backend/internal/uploader/server.go:515.3,525.5 3 1
music-streaming/backend/internal/uploader/server.go:528.2,529.57 2 1
music-streaming/backend/internal/uploader/server.go:529.57,532.3 2 0
music-streaming/backend/internal/uploader/server.go:533.2,533.71 1 1
music-streaming/backend/internal/uploader/server.go:538.95,539.54 1 4
music-streaming/backend/internal/uploader/server.go:539.54,540.54 1 2
music-streaming/backend/internal/uploader/server.go:540.54,544.4 3 1
music-streaming/backend/internal/uploader/server.go:548.2,553.16 3 3
music-streaming/backend/internal/uploader/server.go:553.16,557.77 2 1
music-streaming/backend/internal/uploader/server.go:557.77,558.59 1 1
music-streaming/backend/internal/uploader/server.go:558.59,560.5 1 1
music-streaming/backend/internal/uploader/server.go:562.3,562.23 1 1
music-streaming/backend/internal/uploader/server.go:566.2,570.16 2 3
music-streaming/backend/internal/uploader/server.go:570.16,571.28 1 2
music-streaming/backend/internal/uploader/server.go:571.28,574.4 2 1
music-streaming/backend/internal/uploader/server.go:575.3,576.9 2 1
music-streaming/backend/internal/uploader/server.go:578.2,582.54 3 1
music-streaming/backend/internal/uploader/server.go:582.54,584.3 1 1
music-streaming/backend/internal/uploader/server.go:585.2,587.56 3 1
music-streaming/backend/internal/uploader/server.go:587.56,589.3 1 1
music-streaming/backend/internal/uploader/server.go:591.2,593.75 3 1
music-streaming/backend/internal/uploader/server.go:598.93,599.54 1 6
music-streaming/backend/internal/uploader/server.go:599.54,600.54 1 4
music-streaming/backend/internal/uploader/server.go:600.54,604.4 3 1
music-streaming/backend/internal/uploader/server.go:608.2,612.16 2 5
music-streaming/backend/internal/uploader/server.go:612.16,613.28 1 3
music-streaming/backend/internal/uploader/server.go:613.28,616.4 2 2
music-streaming/backend/internal/uploader/server.go:617.3,618.9 2 1
music-streaming/backend/internal/uploader/server.go:622.2,627.17 2 2
music-streaming/backend/internal/uploader/server.go:627.17,630.3 2 1
music-streaming/backend/internal/uploader/server.go:632.2,646.17 2 1
music-streaming/backend/internal/uploader/server.go:646.17,649.3 2 0
music-streaming/backend/internal/uploader/server.go:651.2,655.22 3 1
music-streaming/backend/internal/uploader/server.go:655.22,656.13 1 1
music-streaming/backend/internal/uploader/server.go:656.13,662.19 1 1
music-streaming/backend/internal/uploader/server.go:662.19,664.5 1 0
music-streaming/backend/internal/uploader/server.go:669.2,669.21 1 1
music-streaming/backend/internal/uploader/server.go:669.21,670.13 1 0
music-streaming/backend/internal/uploader/server.go:670.13,671.97 1 0
music-streaming/backend/internal/uploader/server.go:671.97,673.5 1 0
music-streaming/backend/internal/uploader/server.go:680.91,681.54 1 5
music-streaming/backend/internal/uploader/server.go:681.54,682.54 1 1
music-streaming/backend/internal/uploader/server.go:682.54,686.4 3 0
music-streaming/backend/internal/uploader/server.go:689.2,693.16 2 5
music-streaming/backend/internal/uploader/server.go:693.16,694.28 1 2
music-streaming/backend/internal/uploader/server.go:694.28,697.4 2 1
music-streaming/backend/internal/uploader/server.go:698.3,699.9 2 1
music-streaming/backend/internal/uploader/server.go:702.2,710.38 3 3
music-streaming/backend/internal/uploader/server.go:710.38,712.61 2 2
music-streaming/backend/internal/uploader/server.go:712.61,713.12 1 1
music-streaming/backend/internal/uploader/server.go:715.3,722.17 4 1
music-streaming/backend/internal/uploader/server.go:722.17,726.78 2 1
music-streaming/backend/internal/uploader/server.go:726.78,727.72 1 1
music-streaming/backend/internal/uploader/server.go:727.72,729.6 1 1
music-streaming/backend/internal/uploader/server.go:731.4,731.24 1 1
music-streaming/backend/internal/uploader/server.go:734.3,735.30 2 1
music-streaming/backend/internal/uploader/server.go:735.30,737.4 1 0
music-streaming/backend/internal/uploader/server.go:739.3,744.5 1 1
music-streaming/backend/internal/uploader/server.go:747.2,749.78 3 3
music-streaming/backend/internal/uploader/server.go:754.94,755.54 1 7
music-streaming/backend/internal/uploader/server.go:755.54,756.54 1 1
music-streaming/backend/internal/uploader/server.go:756.54,760.4 3 0
music-streaming/backend/internal/uploader/server.go:763.2,769.17 2 7
music-streaming/backend/internal/uploader/server.go:769.17,770.28 1 3
music-streaming/backend/internal/uploader/server.go:770.28,773.4 2 2
music-streaming/backend/internal/uploader/server.go:774.3,775.9 2 1
music-streaming/backend/internal/uploader/server.go:779.2,782.17 1 4
music-streaming/backend/internal/uploader/server.go:782.17,785.3 2 1
music-streaming/backend/internal/uploader/server.go:785.8,785.35 1 3
music-streaming/backend/internal/uploader/server.go:785.35,788.3 2 1
music-streaming/backend/internal/uploader/server.go:791.2,795.17 1 2
music-streaming/backend/internal/uploader/server.go:795.17,798.3 2 1
music-streaming/backend/internal/uploader/server.go:800.2,817.98 4 1
music-streaming/backend/internal/uploader/server.go:821.39,825.2 3 19
music-streaming/backend/internal/uploader/server.go:828.43,831.2 2 1
music-streaming/backend/internal/uploader/sharedlinks.go:15.78,17.9 2 7
music-streaming/backend/internal/uploader/sharedlinks.go:17.9,20.3 2 1
music-streaming/backend/internal/uploader/sharedlinks.go:22.2,22.21 1 6
music-streaming/backend/internal/uploader/sharedlinks.go:22.21,25.3 2 2
music-streaming/backend/internal/uploader/sharedlinks.go:27.2,28.28 2 4
music-streaming/backend/internal/uploader/sharedlinks.go:28.28,30.3 1 3
music-streaming/backend/internal/uploader/sharedlinks.go:31.2,32.44 2 4
music-streaming/backend/internal/uploader/sharedlinks.go:32.44,34.3 1 3
music-streaming/backend/internal/uploader/sharedlinks.go:36.2,37.16 2 4
music-streaming/backend/internal/uploader/sharedlinks.go:37.16,40.3 2 2
music-streaming/backend/internal/uploader/sharedlinks.go:44.2,56.34 4 2
music-streaming/backend/internal/uploader/sharedlinks.go:56.34,67.3 2 2
music-streaming/backend/internal/uploader/sharedlinks.go:69.2,75.4 2 2
music-streaming/backend/internal/uploader/sharedlinks.go:82.90,84.9 2 7
music-streaming/backend/internal/uploader/sharedlinks.go:84.9,87.3 2 1
music-streaming/backend/internal/uploader/sharedlinks.go:89.2,89.21 1 6
music-streaming/backend/internal/uploader/sharedlinks.go:89.21,92.3 2 2
music-streaming/backend/internal/uploader/sharedlinks.go:94.2,95.14 2 4
music-streaming/backend/internal/uploader/sharedlinks.go:95.14,98.3 2 1
music-streaming/backend/internal/uploader/sharedlinks.go:100.2,100.83 1 3
music-streaming/backend/internal/uploader/sharedlinks.go:100.83,101.49 1 2
music-streaming/backend/internal/uploader/sharedlinks.go:101.49,104.4 2 1
music-streaming/backend/internal/uploader/sharedlinks.go:105.3,106.9 2 1
music-streaming/backend/internal/uploader/sharedlinks.go:109.2,109.37 1 1
music-streaming/backend/internal/uploader/sharedownload.go:24.76,27.14 3 15
music-streaming/backend/internal/uploader/sharedownload.go:27.14,30.3 2 1
music-streaming/backend/internal/uploader/sharedownload.go:32.2,32.18 1 14
music-streaming/backend/internal/uploader/sharedownload.go:33.22,34.30 1 5
music-streaming/backend/internal/uploader/sharedownload.go:35.23,36.34 1 8
music-streaming/backend/internal/uploader/sharedownload.go:37.10,38.66 1 1
music-streaming/backend/internal/uploader/sharedownload.go:44.82,45.21 1 5
music-streaming/backend/internal/uploader/sharedownload.go:45.21,48.3 2 1
music-streaming/backend/internal/uploader/sharedownload.go:50.2,51.16 2 4
music-streaming/backend/internal/uploader/sharedownload.go:51.16,54.3 2 0
music-streaming/backend/internal/uploader/sharedownload.go:55.2,55.17 1 4
music-streaming/backend/internal/uploader/sharedownload.go:55.17,58.3 2 1
music-streaming/backend/internal/uploader/sharedownload.go:59.2,59.44 1 3
music-streaming/backend/internal/uploader/sharedownload.go:59.44,62.3 2 1
music-streaming/backend/internal/uploader/sharedownload.go:64.2,71.4 3 2
music-streaming/backend/internal/uploader/sharedownload.go:76.86,77.21 1 8
music-streaming/backend/internal/uploader/sharedownload.go:77.21,80.3 2 1
music-streaming/backend/internal/uploader/sharedownload.go:82.2,83.16 2 7
music-streaming/backend/internal/uploader/sharedownload.go:83.16,86.3 2 0
music-streaming/backend/internal/uploader/sharedownload.go:87.2,87.17 1 7
music-streaming/backend/internal/uploader/sharedownload.go:87.17,90.3 2 0
music-streaming/backend/internal/uploader/sharedownload.go:91.2,91.44 1 7
music-streaming/backend/internal/uploader/sharedownload.go:91.44,94.3 2 1
music-streaming/backend/internal/uploader/sharedownload.go:97.2,97.29 1 6
music-streaming/backend/internal/uploader/sharedownload.go:97.29,101.86 2 3
music-streaming/backend/internal/uploader/sharedownload.go:101.86,104.4 2 1
music-streaming/backend/internal/uploader/sharedownload.go:105.3,105.105 1 2
music-streaming/backend/internal/uploader/sharedownload.go:105.105,108.4 2 1
music-streaming/backend/internal/uploader/sharedownload.go:112.2,112.24 1 4
music-streaming/backend/internal/uploader/sharedownload.go:112.24,115.3 2 1
music-streaming/backend/internal/uploader/sharedownload.go:117.2,121.16 2 3
music-streaming/backend/internal/uploader/sharedownload.go:121.16,124.3 2 1
music-streaming/backend/internal/uploader/sharedownload.go:127.2,127.12 1 2
music-streaming/backend/internal/uploader/sharedownload.go:127.12,128.83 1 2
music-streaming/backend/internal/uploader/sharedownload.go:128.83,130.4 1 2
music-streaming/backend/internal/uploader/sharedownload.go:133.2,138.4 3 2
music-streaming/backend/internal/uploader/sharefile.go:31.72,34.32 3 13
music-streaming/backend/internal/uploader/sharefile.go:34.32,37.3 2 3
music-streaming/backend/internal/uploader/sharefile.go:39.2,39.54 1 10
music-streaming/backend/internal/uploader/sharefile.go:39.54,40.54 1 10
music-streaming/backend/internal/uploader/sharefile.go:40.54,44.4 3 1
music-streaming/backend/internal/uploader/sharefile.go:47.2,48.63 2 9
music-streaming/backend/internal/uploader/sharefile.go:48.63,50.27 2 3
music-streaming/backend/internal/uploader/sharefile.go:50.27,53.4 2 2
music-streaming/backend/internal/uploader/sharefile.go:54.3,54.27 1 1
music-streaming/backend/internal/uploader/sharefile.go:54.27,56.4 1 0
music-streaming/backend/internal/uploader/sharefile.go:57.3,57.13 1 1
music-streaming/backend/internal/uploader/sharefile.go:61.2,62.51 2 7
music-streaming/backend/internal/uploader/sharefile.go:62.51,64.17 2 1
music-streaming/backend/internal/uploader/sharefile.go:64.17,67.4 2 0
music-streaming/backend/internal/uploader/sharefile.go:68.3,68.30 1 1
music-streaming/backend/internal/uploader/sharefile.go:72.2,76.16 2 7
music-streaming/backend/internal/uploader/sharefile.go:76.16,77.28 1 1
music-streaming/backend/internal/uploader/sharefile.go:77.28,80.4 2 1
music-streaming/backend/internal/uploader/sharefile.go:81.3,82.9 2 0
music-streaming/backend/internal/uploader/sharefile.go:85.2,88.21 3 6
music-streaming/backend/internal/uploader/sharefile.go:88.21,91.3 2 1
music-streaming/backend/internal/uploader/sharefile.go:93.2,97.15 3 5
music-streaming/backend/internal/uploader/sharefile.go:97.15,99.3 1 5
music-streaming/backend/internal/uploader/sharefile.go:101.2,102.16 2 5
music-streaming/backend/internal/uploader/sharefile.go:102.16,106.3 3 1
music-streaming/backend/internal/uploader/sharefile.go:108.2,112.4 2 4
music-streaming/backend/internal/uploader/shares.go:16.73,20.20 3 15
music-streaming/backend/internal/uploader/shares.go:20.20,23.3 2 0
music-streaming/backend/internal/uploader/shares.go:24.2,27.18 3 15
music-streaming/backend/internal/uploader/shares.go:27.18,30.3 2 1
music-streaming/backend/internal/uploader/shares.go:33.2,34.45 2 14
music-streaming/backend/internal/uploader/shares.go:34.45,37.3 2 1
music-streaming/backend/internal/uploader/shares.go:39.2,39.21 1 13
music-streaming/backend/internal/uploader/shares.go:39.21,42.3 2 2
music-streaming/backend/internal/uploader/shares.go:44.2,44.9 1 11
music-streaming/backend/internal/uploader/shares.go:45.57,46.35 1 2
music-streaming/backend/internal/uploader/shares.go:47.58,48.44 1 5
music-streaming/backend/internal/uploader/shares.go:49.60,50.51 1 3
music-streaming/backend/internal/uploader/shares.go:51.10,52.66 1 1
music-streaming/backend/internal/uploader/shares.go:57.87,59.16 2 2
music-streaming/backend/internal/uploader/shares.go:59.16,62.3 2 1
music-streaming/backend/internal/uploader/shares.go:64.2,65.67 2 1
music-streaming/backend/internal/uploader/shares.go:70.104,75.62 2 5
music-streaming/backend/internal/uploader/shares.go:75.62,78.3 2 1
music-streaming/backend/internal/uploader/shares.go:79.2,79.28 1 4
music-streaming/backend/internal/uploader/shares.go:79.28,82.3 2 1
music-streaming/backend/internal/uploader/shares.go:83.2,83.27 1 3
music-streaming/backend/internal/uploader/shares.go:83.27,85.3 1 0
music-streaming/backend/internal/uploader/shares.go:86.2,86.61 1 3
music-streaming/backend/internal/uploader/shares.go:86.61,89.3 2 1
music-streaming/backend/internal/uploader/shares.go:91.2,92.19 2 2
music-streaming/backend/internal/uploader/shares.go:92.19,94.3 1 2
music-streaming/backend/internal/uploader/shares.go:96.2,97.16 2 2
music-streaming/backend/internal/uploader/shares.go:97.16,98.54 1 1
music-streaming/backend/internal/uploader/shares.go:98.54,101.4 2 1
music-streaming/backend/internal/uploader/shares.go:102.3,103.9 2 0
music-streaming/backend/internal/uploader/shares.go:106.2,109.35 4 1
music-streaming/backend/internal/uploader/shares.go:113.101,114.79 1 3
music-streaming/backend/internal/uploader/shares.go:114.79,115.49 1 2
music-streaming/backend/internal/uploader/shares.go:115.49,118.4 2 1
music-streaming/backend/internal/uploader/shares.go:119.3,120.9 2 1
music-streaming/backend/internal/uploader/shares.go:123.2,124.37 2 1
music-streaming/backend/internal/uploader/sharesclient.go:33.60,39.2 1 129
music-streaming/backend/internal/uploader/sharesclient.go:43.94,46.41 2 8
music-streaming/backend/internal/uploader/sharesclient.go:46.41,48.37 2 1
music-streaming/backend/internal/uploader/sharesclient.go:48.37,50.4 1 1
music-streaming/backend/internal/uploader/sharesclient.go:53.2,60.16 3 7
music-streaming/backend/internal/uploader/sharesclient.go:60.16,62.3 1 0
music-streaming/backend/internal/uploader/sharesclient.go:63.2,66.16 3 7
music-streaming/backend/internal/uploader/sharesclient.go:66.16,68.3 1 0
music-streaming/backend/internal/uploader/sharesclient.go:69.2,85.23 6 7
music-streaming/backend/internal/uploader/sharesclient.go:89.55,90.44 1 8
music-streaming/backend/internal/uploader/sharesclient.go:90.44,91.32 1 1
music-streaming/backend/internal/uploader/sharesclient.go:91.32,92.61 1 1
music-streaming/backend/internal/uploader/sharesclient.go:92.61,94.5 1 1
music-streaming/backend/internal/uploader/sharesclient.go:96.3,96.14 1 1
music-streaming/backend/internal/uploader/sharesclient.go:101.113,105.16 3 4
music-streaming/backend/internal/uploader/sharesclient.go:105.16,107.3 1 0
music-streaming/backend/internal/uploader/sharesclient.go:108.2,111.16 3 4
music-streaming/backend/internal/uploader/sharesclient.go:111.16,113.3 1 0
music-streaming/backend/internal/uploader/sharesclient.go:114.2,119.65 3 4
music-streaming/backend/internal/uploader/sharesclient.go:119.65,121.3 1 1
music-streaming/backend/internal/uploader/sharesclient.go:122.2,122.22 1 3
music-streaming/backend/internal/uploader/sharesclient.go:122.22,124.3 1 1
music-streaming/backend/internal/uploader/sharesclient.go:125.2,125.23 1 3
music-streaming/backend/internal/uploader/sharesclient.go:129.148,139.16 3 5
music-streaming/backend/internal/uploader/sharesclient.go:139.16,141.3 1 0
music-streaming/backend/internal/uploader/sharesclient.go:142.2,146.16 4 5
music-streaming/backend/internal/uploader/sharesclient.go:146.16,148.3 1 0
music-streaming/backend/internal/uploader/sharesclient.go:149.2,151.44 2 5
music-streaming/backend/internal/uploader/sharesclient.go:151.44,153.3 1 2
music-streaming/backend/internal/uploader/sharesclient.go:154.2,154.43 1 3
music-streaming/backend/internal/uploader/sharesclient.go:154.43,156.3 1 1
music-streaming/backend/internal/uploader/sharesclient.go:158.2,160.20 3 2
music-streaming/backend/internal/uploader/sharesclient.go:164.92,172.16 3 5
music-streaming/backend/internal/uploader/sharesclient.go:172.16,174.3 1 0
music-streaming/backend/internal/uploader/sharesclient.go:175.2,178.16 3 5
music-streaming/backend/internal/uploader/sharesclient.go:178.16,180.3 1 0
music-streaming/backend/internal/uploader/sharesclient.go:181.2,183.44 2 5
music-streaming/backend/internal/uploader/sharesclient.go:183.44,185.3 1 2
music-streaming/backend/internal/uploader/sharesclient.go:186.2,186.45 1 3
music-streaming/backend/internal/uploader/sharesclient.go:186.45,188.3 1 1
music-streaming/backend/internal/uploader/sharesclient.go:190.2,191.12 2 2
music-streaming/backend/internal/uploader/sharesclient.go:195.113,199.16 3 5
music-streaming/backend/internal/uploader/sharesclient.go:199.16,201.3 1 0
music-streaming/backend/internal/uploader/sharesclient.go:202.2,205.16 3 5
music-streaming/backend/internal/uploader/sharesclient.go:205.16,207.3 1 0
music-streaming/backend/internal/uploader/sharesclient.go:208.2,213.65 3 5
music-streaming/backend/internal/uploader/sharesclient.go:213.65,215.3 1 1
music-streaming/backend/internal/uploader/sharesclient.go:216.2,216.22 1 4
music-streaming/backend/internal/uploader/sharesclient.go:216.22,218.3 1 1
music-streaming/backend/internal/uploader/sharesclient.go:219.2,219.23 1 4
music-streaming/backend/internal/uploader/sharesclient.go:224.88,228.16 3 4
music-streaming/backend/internal/uploader/sharesclient.go:228.16,230.3 1 0
music-streaming/backend/internal/uploader/sharesclient.go:231.2,234.16 3 4
music-streaming/backend/internal/uploader/sharesclient.go:234.16,236.3 1 0
music-streaming/backend/internal/uploader/sharesclient.go:237.2,239.38 2 4
music-streaming/backend/internal/uploader/sharesclient.go:239.38,241.3 1 3
music-streaming/backend/internal/uploader/sharesclient.go:243.2,244.12 2 1
music-streaming/backend/internal/uploader/sharesclient.go:249.90,251.41 2 32
music-streaming/backend/internal/uploader/sharesclient.go:251.41,253.37 2 1
music-streaming/backend/internal/uploader/sharesclient.go:253.37,255.4 1 1
music-streaming/backend/internal/uploader/sharesclient.go:258.2,260.16 3 31
music-streaming/backend/internal/uploader/sharesclient.go:260.16,262.3 1 0
music-streaming/backend/internal/uploader/sharesclient.go:263.2,266.16 3 31
music-streaming/backend/internal/uploader/sharesclient.go:266.16,268.3 1 3
music-streaming/backend/internal/uploader/sharesclient.go:269.2,281.26 5 28
music-streaming/backend/internal/uploader/sharesclient.go:285.114,292.16 3 4
music-streaming/backend/internal/uploader/sharesclient.go:292.16,294.3 1 0
music-streaming/backend/internal/uploader/sharesclient.go:295.2,299.16 4 4
music-streaming/backend/internal/uploader/sharesclient.go:299.16,301.3 1 0
music-streaming/backend/internal/uploader/sharesclient.go:302.2,304.44 2 4
music-streaming/backend/internal/uploader/sharesclient.go:304.44,306.3 1 1
music-streaming/backend/internal/uploader/sharesclient.go:307.2,307.43 1 3
music-streaming/backend/internal/uploader/sharesclient.go:307.43,309.3 1 1
music-streaming/backend/internal/uploader/sharesclient.go:311.2,312.12 2 2
music-streaming/backend/internal/uploader/sharesclient.go:316.84,319.16 3 5
music-streaming/backend/internal/uploader/sharesclient.go:319.16,321.3 1 0
music-streaming/backend/internal/uploader/sharesclient.go:322.2,325.16 3 5
music-streaming/backend/internal/uploader/sharesclient.go:325.16,327.3 1 0
music-streaming/backend/internal/uploader/sharesclient.go:328.2,330.44 2 5
music-streaming/backend/internal/uploader/sharesclient.go:330.44,332.3 1 2
music-streaming/backend/internal/uploader/sharesclient.go:333.2,333.45 1 3
music-streaming/backend/internal/uploader/sharesclient.go:333.45,335.3 1 1
music-streaming/backend/internal/uploader/sharesclient.go:337.2,338.12 2 2
music-streaming/backend/internal/uploader/sharesclient.go:342.117,345.16 3 7
music-streaming/backend/internal/uploader/sharesclient.go:345.16,347.3 1 0
music-streaming/backend/internal/uploader/sharesclient.go:348.2,351.16 3 7
music-streaming/backend/internal/uploader/sharesclient.go:351.16,353.3 1 0
music-streaming/backend/internal/uploader/sharesclient.go:354.2,359.65 3 7
music-streaming/backend/internal/uploader/sharesclient.go:359.65,361.3 1 1
music-streaming/backend/internal/uploader/sharesclient.go:362.2,362.22 1 6
music-streaming/backend/internal/uploader/sharesclient.go:362.22,364.3 1 0
music-streaming/backend/internal/uploader/sharesclient.go:365.2,365.23 1 6
music-streaming/backend/internal/uploader/sharesclient.go:369.88,372.16 3 4
music-streaming/backend/internal/uploader/sharesclient.go:372.16,374.3 1 0
music-streaming/backend/internal/uploader/sharesclient.go:375.2,378.16 3 4
music-streaming/backend/internal/uploader/sharesclient.go:378.16,380.3 1 0
music-streaming/backend/internal/uploader/sharesclient.go:381.2,383.44 2 4
music-streaming/backend/internal/uploader/sharesclient.go:383.44,385.3 1 1
music-streaming/backend/internal/uploader/sharesclient.go:386.2,386.45 1 3
music-streaming/backend/internal/uploader/sharesclient.go:386.45,388.3 1 0
music-streaming/backend/internal/uploader/sharesclient.go:390.2,390.12 1 3
music-streaming/backend/internal/uploader/sharesclient.go:397.84,398.62 1 3
music-streaming/backend/internal/uploader/sharesclient.go:398.62,400.3 1 1
music-streaming/backend/internal/uploader/sharesclient.go:401.2,401.61 1 3
music-streaming/backend/internal/uploader/sharesclient.go:401.61,403.3 1 1
music-streaming/backend/internal/uploader/sharesclient.go:406.93,409.16 3 6
music-streaming/backend/internal/uploader/sharesclient.go:409.16,411.3 1 0
music-streaming/backend/internal/uploader/sharesclient.go:412.2,415.16 3 6
music-streaming/backend/internal/uploader/sharesclient.go:415.16,417.3 1 0
music-streaming/backend/internal/uploader/sharesclient.go:418.2,420.38 2 6
music-streaming/backend/internal/uploader/sharesclient.go:420.38,422.3 1 2
music-streaming/backend/internal/uploader/sharesclient.go:423.2,423.12 1 4
music-streaming/backend/internal/uploader/sharesclient.go:448.167,458.16 3 7
music-streaming/backend/internal/uploader/sharesclient.go:458.16,460.3 1 0
music-streaming/backend/internal/uploader/sharesclient.go:461.2,465.16 4 7
music-streaming/backend/internal/uploader/sharesclient.go:465.16,467.3 1 0
music-streaming/backend/internal/uploader/sharesclient.go:468.2,470.43 2 7
music-streaming/backend/internal/uploader/sharesclient.go:470.43,472.3 1 2
music-streaming/backend/internal/uploader/sharesclient.go:474.2,475.67 2 5
music-streaming/backend/internal/uploader/sharesclient.go:475.67,477.3 1 0
music-streaming/backend/internal/uploader/sharesclient.go:478.2,478.21 1 5
music-streaming/backend/internal/uploader/sharesclient.go:483.101,487.16 3 14
music-streaming/backend/internal/uploader/sharesclient.go:487.16,489.3 1 0
music-streaming/backend/internal/uploader/sharesclient.go:490.2,493.16 3 14
music-streaming/backend/internal/uploader/sharesclient.go:493.16,495.3 1 0
music-streaming/backend/internal/uploader/sharesclient.go:496.2,498.44 2 14
music-streaming/backend/internal/uploader/sharesclient.go:498.44,500.3 1 2
music-streaming/backend/internal/uploader/sharesclient.go:501.2,501.38 1 12
music-streaming/backend/internal/uploader/sharesclient.go:501.38,503.3 1 1
music-streaming/backend/internal/uploader/sharesclient.go:505.2,506.67 2 11
music-streaming/backend/internal/uploader/sharesclient.go:506.67,508.3 1 0
music-streaming/backend/internal/uploader/sharesclient.go:509.2,509.21 1 11
music-streaming/backend/internal/uploader/sharesclient.go:513.124,518.16 3 4
music-streaming/backend/internal/uploader/sharesclient.go:518.16,520.3 1 0
music-streaming/backend/internal/uploader/sharesclient.go:521.2,524.16 3 4
music-streaming/backend/internal/uploader/sharesclient.go:524.16,526.3 1 0
music-streaming/backend/internal/uploader/sharesclient.go:527.2,529.38 2 4
music-streaming/backend/internal/uploader/sharesclient.go:529.38,531.3 1 1
music-streaming/backend/internal/uploader/sharesclient.go:533.2,534.67 2 3
music-streaming/backend/internal/uploader/sharesclient.go:534.67,536.3 1 1
music-streaming/backend/internal/uploader/sharesclient.go:537.2,537.24 1 2
music-streaming/backend/internal/uploader/sharesclient.go:537.24,539.3 1 0
music-streaming/backend/internal/uploader/sharesclient.go:540.2,540.21 1 2
music-streaming/backend/internal/uploader/sharesclient.go:544.92,549.16 3 3
music-streaming/backend/internal/uploader/sharesclient.go:549.16,551.3 1 0
music-streaming/backend/internal/uploader/sharesclient.go:552.2,555.16 3 3
music-streaming/backend/internal/uploader/sharesclient.go:555.16,557.3 1 0
music-streaming/backend/internal/uploader/sharesclient.go:558.2,560.44 2 3
music-streaming/backend/internal/uploader/sharesclient.go:560.44,562.3 1 1
music-streaming/backend/internal/uploader/sharesclient.go:563.2,563.45 1 2
music-streaming/backend/internal/uploader/sharesclient.go:563.45,565.3 1 1
music-streaming/backend/internal/uploader/sharesclient.go:566.2,566.12 1 1
music-streaming/backend/internal/uploader/sharesclient.go:571.85,574.16 3 4
music-streaming/backend/internal/uploader/sharesclient.go:574.16,576.3 1 0
music-streaming/backend/internal/uploader/sharesclient.go:577.2,580.16 3 4
music-streaming/backend/internal/uploader/sharesclient.go:580.16,582.3 1 2
music-streaming/backend/internal/uploader/sharesclient.go:583.2,585.45 2 2
music-streaming/backend/internal/uploader/sharesclient.go:585.45,587.3 1 1
music-streaming/backend/internal/uploader/sharesclient.go:588.2,588.12 1 1
music-streaming/backend/internal/uploader/sharesclient.go:593.102,598.16 3 2
music-streaming/backend/internal/uploader/sharesclient.go:598.16,600.3 1 0
music-streaming/backend/internal/uploader/sharesclient.go:601.2,604.16 3 2
music-streaming/backend/internal/uploader/sharesclient.go:604.16,606.3 1 0
music-streaming/backend/internal/uploader/sharesclient.go:607.2,609.38 2 2
music-streaming/backend/internal/uploader/sharesclient.go:609.38,611.3 1 1
music-streaming/backend/internal/uploader/sharesclient.go:612.2,612.12 1 1
music-streaming/backend/internal/uploader/sharesclient.go:616.43,616.74 1 21
music-streaming/backend/internal/uploader/sharesclient.go:632.135,642.16 3 5
music-streaming/backend/internal/uploader/sharesclient.go:642.16,644.3 1 0
music-streaming/backend/internal/uploader/sharesclient.go:645.2,649.16 4 5
music-streaming/backend/internal/uploader/sharesclient.go:649.16,651.3 1 0
music-streaming/backend/internal/uploader/sharesclient.go:652.2,654.43 2 5
music-streaming/backend/internal/uploader/sharesclient.go:654.43,656.3 1 2
music-streaming/backend/internal/uploader/sharesclient.go:658.2,659.67 2 3
music-streaming/backend/internal/uploader/sharesclient.go:659.67,661.3 1 0
music-streaming/backend/internal/uploader/sharesclient.go:662.2,662.21 1 3
music-streaming/backend/internal/uploader/sharesclient.go:666.116,671.16 3 9
music-streaming/backend/internal/uploader/sharesclient.go:671.16,673.3 1 0
music-streaming/backend/internal/uploader/sharesclient.go:674.2,677.16 3 9
music-streaming/backend/internal/uploader/sharesclient.go:677.16,679.3 1 0
music-streaming/backend/internal/uploader/sharesclient.go:680.2,682.38 2 9
music-streaming/backend/internal/uploader/sharesclient.go:682.38,684.3 1 1
music-streaming/backend/internal/uploader/sharesclient.go:686.2,689.65 2 8
music-streaming/backend/internal/uploader/sharesclient.go:689.65,691.3 1 0
music-streaming/backend/internal/uploader/sharesclient.go:692.2,692.22 1 8
music-streaming/backend/internal/uploader/sharesclient.go:692.22,694.3 1 1
music-streaming/backend/internal/uploader/sharesclient.go:695.2,695.23 1 8
music-streaming/backend/internal/uploader/sharesclient.go:699.119,704.16 3 3
music-streaming/backend/internal/uploader/sharesclient.go:704.16,706.3 1 0
music-streaming/backend/internal/uploader/sharesclient.go:707.2,710.16 3 3
music-streaming/backend/internal/uploader/sharesclient.go:710.16,712.3 1 0
music-streaming/backend/internal/uploader/sharesclient.go:713.2,715.44 2 3
music-streaming/backend/internal/uploader/sharesclient.go:715.44,717.3 1 1
music-streaming/backend/internal/uploader/sharesclient.go:718.2,718.38 1 2
music-streaming/backend/internal/uploader/sharesclient.go:718.38,720.3 1 0
music-streaming/backend/internal/uploader/sharesclient.go:722.2,723.67 2 2
music-streaming/backend/internal/uploader/sharesclient.go:723.67,725.3 1 0
music-streaming/backend/internal/uploader/sharesclient.go:726.2,726.21 1 2
music-streaming/backend/internal/uploader/sharesclient.go:730.101,735.16 3 4
music-streaming/backend/internal/uploader/sharesclient.go:735.16,737.3 1 0
music-streaming/backend/internal/uploader/sharesclient.go:738.2,741.16 3 4
music-streaming/backend/internal/uploader/sharesclient.go:741.16,743.3 1 0
music-streaming/backend/internal/uploader/sharesclient.go:744.2,746.38 2 4
music-streaming/backend/internal/uploader/sharesclient.go:746.38,748.3 1 1
music-streaming/backend/internal/uploader/sharesclient.go:750.2,753.65 2 3
music-streaming/backend/internal/uploader/sharesclient.go:753.65,755.3 1 0
music-streaming/backend/internal/uploader/sharesclient.go:756.2,756.24 1 3
music-streaming/backend/internal/uploader/sharesclient.go:760.80,764.16 3 5
music-streaming/backend/internal/uploader/sharesclient.go:764.16,766.3 1 0
music-streaming/backend/internal/uploader/sharesclient.go:767.2,770.16 3 5
music-streaming/backend/internal/uploader/sharesclient.go:770.16,772.3 1 0
music-streaming/backend/internal/uploader/sharesclient.go:773.2,775.45 2 5
music-streaming/backend/internal/uploader/sharesclient.go:775.45,777.3 1 1
music-streaming/backend/internal/uploader/sharesclient.go:778.2,778.12 1 4
music-streaming/backend/internal/uploader/stream.go:26.93,27.54 1 11
music-streaming/backend/internal/uploader/stream.go:27.54,28.54 1 2
music-streaming/backend/internal/uploader/stream.go:28.54,32.4 3 1
music-streaming/backend/internal/uploader/stream.go:36.2,40.16 2 10
music-streaming/backend/internal/uploader/stream.go:40.16,41.28 1 3
music-streaming/backend/internal/uploader/stream.go:41.28,44.4 2 1
music-streaming/backend/internal/uploader/stream.go:45.3,46.9 2 2
music-streaming/backend/internal/uploader/stream.go:49.2,52.56 3 7
music-streaming/backend/internal/uploader/stream.go:52.56,54.3 1 6
music-streaming/backend/internal/uploader/stream.go:59.2,64.23 5 7
music-streaming/backend/internal/uploader/stream.go:64.23,69.3 3 4
music-streaming/backend/internal/uploader/stream.go:72.2,73.16 2 3
music-streaming/backend/internal/uploader/stream.go:73.16,79.3 3 1
music-streaming/backend/internal/uploader/stream.go:83.2,89.16 3 2
music-streaming/backend/internal/uploader/stream.go:89.16,90.28 1 0
music-streaming/backend/internal/uploader/stream.go:90.28,93.4 2 0
music-streaming/backend/internal/uploader/stream.go:94.3,95.9 2 0
music-streaming/backend/internal/uploader/stream.go:97.2,104.95 7 2
music-streaming/backend/internal/uploader/stream.go:109.108,114.16 2 4
music-streaming/backend/internal/uploader/stream.go:114.16,115.28 1 2
music-streaming/backend/internal/uploader/stream.go:115.28,118.4 2 1
music-streaming/backend/internal/uploader/stream.go:119.3,120.9 2 1
music-streaming/backend/internal/uploader/stream.go:122.2,126.22 4 2
music-streaming/backend/internal/uploader/stream.go:140.83,141.42 1 22
music-streaming/backend/internal/uploader/stream.go:141.42,143.3 1 1
music-streaming/backend/internal/uploader/stream.go:144.2,147.33 2 21
music-streaming/backend/internal/uploader/stream.go:147.33,149.3 1 1
music-streaming/backend/internal/uploader/stream.go:151.2,152.21 2 20
music-streaming/backend/internal/uploader/stream.go:152.21,154.3 1 0
music-streaming/backend/internal/uploader/stream.go:155.2,157.36 2 20
music-streaming/backend/internal/uploader/stream.go:157.36,159.3 1 1
music-streaming/backend/internal/uploader/stream.go:162.2,162.20 1 19
music-streaming/backend/internal/uploader/stream.go:162.20,164.28 2 5
music-streaming/backend/internal/uploader/stream.go:164.28,166.4 1 2
music-streaming/backend/internal/uploader/stream.go:167.3,168.16 2 3
music-streaming/backend/internal/uploader/stream.go:168.16,170.4 1 1
music-streaming/backend/internal/uploader/stream.go:171.3,171.35 1 3
music-streaming/backend/internal/uploader/stream.go:174.2,175.29 2 14
music-streaming/backend/internal/uploader/stream.go:175.29,177.3 1 1
music-streaming/backend/internal/uploader/stream.go:178.2,178.24 1 13
music-streaming/backend/internal/uploader/stream.go:178.24,180.3 1 3
music-streaming/backend/internal/uploader/stream.go:183.2,183.18 1 10
music-streaming/backend/internal/uploader/stream.go:183.18,185.3 1 2
music-streaming/backend/internal/uploader/stream.go:187.2,188.31 2 8
music-streaming/backend/internal/uploader/stream.go:188.31,190.3 1 2
music-streaming/backend/internal/uploader/stream.go:192.2,192.22 1 6
music-streaming/backend/internal/uploader/stream.go:192.22,194.3 1 1
music-streaming/backend/internal/uploader/stream.go:195.2,195.24 1 6
music-streaming/backend/internal/uploader/vault.go:25.54,26.31 1 9
music-streaming/backend/internal/uploader/vault.go:26.31,28.3 1 2
music-streaming/backend/internal/uploader/vault.go:29.2,29.69 1 7
music-streaming/backend/internal/uploader/vault.go:33.37,35.2 1 7
music-streaming/backend/internal/uploader/vault.go:40.75,46.16 5 3
music-streaming/backend/internal/uploader/vault.go:46.16,48.3 1 0
music-streaming/backend/internal/uploader/vault.go:49.2,53.16 4 3
music-streaming/backend/internal/uploader/vault.go:53.16,55.3 1 0
music-streaming/backend/internal/uploader/vault.go:56.2,60.44 2 3
music-streaming/backend/internal/uploader/vault.go:60.44,62.3 1 2
music-streaming/backend/internal/uploader/vault.go:63.2,63.91 1 1
music-streaming/backend/internal/uploader/vault.go:72.72,79.16 5 3
music-streaming/backend/internal/uploader/vault.go:79.16,81.3 1 0
music-streaming/backend/internal/uploader/vault.go:82.2,86.16 4 3
music-streaming/backend/internal/uploader/vault.go:86.16,88.3 1 0
music-streaming/backend/internal/uploader/vault.go:89.2,90.93 2 3
music-streaming/backend/internal/uploader/vault.go:90.93,92.3 1 1
music-streaming/backend/internal/uploader/vault.go:95.2,97.16 3 2
music-streaming/backend/internal/uploader/vault.go:97.16,99.3 1 0
music-streaming/backend/internal/uploader/vault.go:100.2,103.16 3 2
music-streaming/backend/internal/uploader/vault.go:103.16,105.3 1 0
music-streaming/backend/internal/uploader/vault.go:106.2,107.93 2 2
music-streaming/backend/internal/uploader/vault.go:107.93,109.3 1 1
music-streaming/backend/internal/uploader/vault.go:110.2,110.12 1 1
