mode: atomic
music-streaming/backend/internal/uploader/account.go:23.76,24.35 1 12
music-streaming/backend/internal/uploader/account.go:24.35,27.3 2 1
music-streaming/backend/internal/uploader/account.go:29.2,30.33 2 11
music-streaming/backend/internal/uploader/account.go:30.33,33.3 2 1
music-streaming/backend/internal/uploader/account.go:35.2,43.42 3 10
music-streaming/backend/internal/uploader/account.go:43.42,44.15 1 17
music-streaming/backend/internal/uploader/account.go:44.15,46.4 1 16
music-streaming/backend/internal/uploader/account.go:49.2,49.28 1 10
music-streaming/backend/internal/uploader/account.go:49.28,51.21 2 9
music-streaming/backend/internal/uploader/account.go:51.21,53.4 1 1
music-streaming/backend/internal/uploader/account.go:53.9,54.38 1 8
music-streaming/backend/internal/uploader/account.go:54.38,55.76 1 14
music-streaming/backend/internal/uploader/account.go:55.76,57.6 1 14
music-streaming/backend/internal/uploader/account.go:63.2,63.38 1 10
music-streaming/backend/internal/uploader/account.go:63.38,64.57 1 17
music-streaming/backend/internal/uploader/account.go:64.57,66.4 1 1
music-streaming/backend/internal/uploader/account.go:72.2,72.26 1 10
music-streaming/backend/internal/uploader/account.go:72.26,73.70 1 0
music-streaming/backend/internal/uploader/account.go:73.70,75.4 1 0
music-streaming/backend/internal/uploader/account.go:79.2,79.21 1 10
music-streaming/backend/internal/uploader/account.go:79.21,81.3 1 2
music-streaming/backend/internal/uploader/account.go:84.2,84.30 1 10
music-streaming/backend/internal/uploader/account.go:84.30,85.75 1 2
music-streaming/backend/internal/uploader/account.go:85.75,87.4 1 1
music-streaming/backend/internal/uploader/account.go:91.2,93.37 2 10
music-streaming/backend/internal/uploader/account.go:98.72,102.16 2 20
music-streaming/backend/internal/uploader/account.go:102.16,103.28 1 2
music-streaming/backend/internal/uploader/account.go:103.28,105.4 1 1
music-streaming/backend/internal/uploader/account.go:106.3,106.13 1 1
music-streaming/backend/internal/uploader/account.go:109.2,109.31 1 18
music-streaming/backend/internal/uploader/account.go:109.31,111.40 2 3
music-streaming/backend/internal/uploader/account.go:111.40,113.4 1 4
music-streaming/backend/internal/uploader/account.go:114.3,117.18 1 3
music-streaming/backend/internal/uploader/account.go:117.18,119.4 1 0
music-streaming/backend/internal/uploader/account.go:122.2,124.43 1 18
music-streaming/backend/internal/uploader/account.go:124.43,126.3 1 0
music-streaming/backend/internal/uploader/account.go:127.2,127.12 1 18
music-streaming/backend/internal/uploader/audit.go:50.80,58.2 1 0
music-streaming/backend/internal/uploader/audit.go:62.73,64.2 1 3
music-streaming/backend/internal/uploader/audit.go:67.80,69.16 2 3
music-streaming/backend/internal/uploader/audit.go:69.16,71.3 1 0
music-streaming/backend/internal/uploader/audit.go:72.2,72.67 1 3
music-streaming/backend/internal/uploader/audit.go:76.44,78.2 1 0
music-streaming/backend/internal/uploader/audit.go:86.73,86.87 1 61
music-streaming/backend/internal/uploader/audit.go:89.43,89.57 1 1
music-streaming/backend/internal/uploader/audit.go:95.78,106.19 3 58
music-streaming/backend/internal/uploader/audit.go:106.19,109.3 2 38
music-streaming/backend/internal/uploader/audit.go:111.2,111.12 1 58
music-streaming/backend/internal/uploader/audit.go:111.12,112.67 1 58
music-streaming/backend/internal/uploader/audit.go:112.67,114.4 1 0
music-streaming/backend/internal/uploader/audit.go:119.37,120.47 1 62
music-streaming/backend/internal/uploader/audit.go:120.47,122.3 1 1
music-streaming/backend/internal/uploader/audit.go:123.2,123.53 1 61
music-streaming/backend/internal/uploader/audit.go:123.53,125.32 1 2
music-streaming/backend/internal/uploader/audit.go:125.32,126.20 1 17
music-streaming/backend/internal/uploader/audit.go:126.20,128.5 1 1
music-streaming/backend/internal/uploader/audit.go:130.3,130.12 1 1
music-streaming/backend/internal/uploader/audit.go:132.2,133.16 2 59
music-streaming/backend/internal/uploader/audit.go:133.16,135.3 1 47
music-streaming/backend/internal/uploader/audit.go:136.2,136.13 1 12
music-streaming/backend/internal/uploader/auth.go:35.79,36.18 1 6
music-streaming/backend/internal/uploader/auth.go:36.18,38.72 1 1
music-streaming/backend/internal/uploader/auth.go:38.72,47.4 3 1
music-streaming/backend/internal/uploader/auth.go:50.2,50.71 1 5
music-streaming/backend/internal/uploader/auth.go:50.71,52.16 2 5
music-streaming/backend/internal/uploader/auth.go:52.16,55.4 2 1
music-streaming/backend/internal/uploader/auth.go:57.3,58.17 2 4
music-streaming/backend/internal/uploader/auth.go:58.17,61.4 2 2
music-streaming/backend/internal/uploader/auth.go:63.3,64.40 2 2
music-streaming/backend/internal/uploader/auth.go:70.43,73.61 3 5
music-streaming/backend/internal/uploader/auth.go:73.61,75.3 1 3
music-streaming/backend/internal/uploader/auth.go:76.2,76.35 1 2
music-streaming/backend/internal/uploader/auth.go:81.92,84.16 2 4
music-streaming/backend/internal/uploader/auth.go:84.16,86.3 1 0
music-streaming/backend/internal/uploader/auth.go:88.2,90.16 3 4
music-streaming/backend/internal/uploader/auth.go:90.16,92.3 1 2
music-streaming/backend/internal/uploader/auth.go:93.2,93.18 1 2
music-streaming/backend/internal/uploader/auth.go:93.18,95.3 1 0
music-streaming/backend/internal/uploader/auth.go:96.2,96.35 1 2
music-streaming/backend/internal/uploader/auth.go:96.35,98.3 1 0
music-streaming/backend/internal/uploader/auth.go:100.2,105.8 1 2
music-streaming/backend/internal/uploader/bucket.go:19.65,23.2 3 109
music-streaming/backend/internal/uploader/bucket.go:26.39,30.2 3 30
music-streaming/backend/internal/uploader/bucket.go:34.72,38.16 2 46
music-streaming/backend/internal/uploader/bucket.go:38.16,40.3 1 22
music-streaming/backend/internal/uploader/bucket.go:41.2,41.27 1 24
music-streaming/backend/internal/uploader/bucket.go:41.27,43.3 1 21
music-streaming/backend/internal/uploader/bucket.go:44.2,44.19 1 3
music-streaming/backend/internal/uploader/bucket.go:48.70,49.18 1 16
music-streaming/backend/internal/uploader/bucket.go:50.22,51.29 1 3
music-streaming/backend/internal/uploader/bucket.go:52.23,53.30 1 12
music-streaming/backend/internal/uploader/bucket.go:54.10,55.67 1 1
music-streaming/backend/internal/uploader/bucket.go:61.73,66.41 2 31
music-streaming/backend/internal/uploader/bucket.go:66.41,67.33 1 2
music-streaming/backend/internal/uploader/bucket.go:67.33,70.4 2 1
music-streaming/backend/internal/uploader/bucket.go:71.3,72.9 2 1
music-streaming/backend/internal/uploader/bucket.go:75.2,75.40 1 29
music-streaming/backend/internal/uploader/bucket.go:75.40,77.34 2 14
music-streaming/backend/internal/uploader/bucket.go:77.34,80.4 2 1
music-streaming/backend/internal/uploader/bucket.go:81.3,82.9 2 13
music-streaming/backend/internal/uploader/bucket.go:86.2,86.41 1 15
music-streaming/backend/internal/uploader/bucket.go:86.41,88.34 2 2
music-streaming/backend/internal/uploader/bucket.go:88.34,91.4 2 1
music-streaming/backend/internal/uploader/bucket.go:92.3,93.9 2 1
music-streaming/backend/internal/uploader/bucket.go:97.2,97.39 1 13
music-streaming/backend/internal/uploader/bucket.go:97.39,100.3 2 1
music-streaming/backend/internal/uploader/bucket.go:103.2,104.18 2 12
music-streaming/backend/internal/uploader/bucket.go:105.25,106.36 1 11
music-streaming/backend/internal/uploader/bucket.go:107.10,108.67 1 1
music-streaming/backend/internal/uploader/bucket.go:114.74,116.16 2 7
music-streaming/backend/internal/uploader/bucket.go:116.16,119.3 2 0
music-streaming/backend/internal/uploader/bucket.go:121.2,131.35 4 7
music-streaming/backend/internal/uploader/bucket.go:131.35,133.28 2 12
music-streaming/backend/internal/uploader/bucket.go:133.28,135.4 1 12
music-streaming/backend/internal/uploader/bucket.go:139.2,140.58 2 7
music-streaming/backend/internal/uploader/bucket.go:140.58,142.17 2 4
music-streaming/backend/internal/uploader/bucket.go:142.17,143.30 1 4
music-streaming/backend/internal/uploader/bucket.go:143.30,144.47 1 1
music-streaming/backend/internal/uploader/bucket.go:144.47,146.6 1 1
music-streaming/backend/internal/uploader/bucket.go:151.2,154.35 2 7
music-streaming/backend/internal/uploader/bucket.go:154.35,156.49 2 12
music-streaming/backend/internal/uploader/bucket.go:156.49,157.12 1 2
music-streaming/backend/internal/uploader/bucket.go:159.3,159.23 1 10
music-streaming/backend/internal/uploader/bucket.go:159.23,160.12 1 1
music-streaming/backend/internal/uploader/bucket.go:162.3,163.28 2 9
music-streaming/backend/internal/uploader/bucket.go:163.28,165.4 1 9
music-streaming/backend/internal/uploader/bucket.go:166.3,166.34 1 9
music-streaming/backend/internal/uploader/bucket.go:170.2,170.56 1 7
music-streaming/backend/internal/uploader/bucket.go:170.56,172.17 2 4
music-streaming/backend/internal/uploader/bucket.go:172.17,174.30 2 3
music-streaming/backend/internal/uploader/bucket.go:174.30,176.5 1 3
music-streaming/backend/internal/uploader/bucket.go:177.4,177.40 1 3
music-streaming/backend/internal/uploader/bucket.go:177.40,179.49 2 1
music-streaming/backend/internal/uploader/bucket.go:179.49,180.14 1 0
music-streaming/backend/internal/uploader/bucket.go:182.5,184.32 3 1
music-streaming/backend/internal/uploader/bucket.go:189.2,191.59 3 7
music-streaming/backend/internal/uploader/bucket.go:199.75,204.62 2 12
music-streaming/backend/internal/uploader/bucket.go:204.62,207.3 2 0
music-streaming/backend/internal/uploader/bucket.go:209.2,211.23 2 12
music-streaming/backend/internal/uploader/bucket.go:211.23,213.17 1 6
music-streaming/backend/internal/uploader/bucket.go:213.17,216.4 2 1
music-streaming/backend/internal/uploader/bucket.go:217.3,217.38 1 5
music-streaming/backend/internal/uploader/bucket.go:217.38,220.48 1 3
music-streaming/backend/internal/uploader/bucket.go:220.48,223.5 2 2
music-streaming/backend/internal/uploader/bucket.go:224.4,225.29 2 1
music-streaming/backend/internal/uploader/bucket.go:225.29,228.5 2 0
music-streaming/backend/internal/uploader/bucket.go:231.3,231.45 1 3
music-streaming/backend/internal/uploader/bucket.go:232.8,234.42 1 6
music-streaming/backend/internal/uploader/bucket.go:234.42,237.4 2 1
music-streaming/backend/internal/uploader/bucket.go:240.2,240.40 1 8
music-streaming/backend/internal/uploader/bucket.go:240.40,243.3 2 1
music-streaming/backend/internal/uploader/bucket.go:246.2,247.16 2 7
music-streaming/backend/internal/uploader/bucket.go:247.16,250.3 2 0
music-streaming/backend/internal/uploader/bucket.go:251.2,251.12 1 7
music-streaming/backend/internal/uploader/bucket.go:251.12,254.3 2 1
music-streaming/backend/internal/uploader/bucket.go:256.2,258.17 1 6
music-streaming/backend/internal/uploader/bucket.go:258.17,261.3 2 1
music-streaming/backend/internal/uploader/bucket.go:264.2,264.30 1 5
music-streaming/backend/internal/uploader/bucket.go:264.30,266.3 1 0
music-streaming/backend/internal/uploader/bucket.go:271.2,271.84 1 5
music-streaming/backend/internal/uploader/bucket.go:271.84,273.3 1 0
music-streaming/backend/internal/uploader/bucket.go:276.2,276.86 1 5
music-streaming/backend/internal/uploader/bucket.go:276.86,278.3 1 1
music-streaming/backend/internal/uploader/bucket.go:280.2,286.77 4 5
music-streaming/backend/internal/uploader/bucket.go:293.88,295.43 2 16
music-streaming/backend/internal/uploader/bucket.go:295.43,298.3 2 1
music-streaming/backend/internal/uploader/bucket.go:300.2,300.16 1 15
music-streaming/backend/internal/uploader/bucket.go:300.16,303.3 2 0
music-streaming/backend/internal/uploader/bucket.go:306.2,306.21 1 15
music-streaming/backend/internal/uploader/bucket.go:306.21,307.17 1 8
music-streaming/backend/internal/uploader/bucket.go:307.17,310.4 2 2
music-streaming/backend/internal/uploader/bucket.go:312.3,313.17 2 6
music-streaming/backend/internal/uploader/bucket.go:313.17,316.4 2 1
music-streaming/backend/internal/uploader/bucket.go:317.3,317.14 1 5
music-streaming/backend/internal/uploader/bucket.go:317.14,320.4 2 1
music-streaming/backend/internal/uploader/bucket.go:322.3,322.103 1 4
music-streaming/backend/internal/uploader/bucket.go:322.103,323.57 1 2
music-streaming/backend/internal/uploader/bucket.go:323.57,326.5 2 1
music-streaming/backend/internal/uploader/bucket.go:327.4,328.10 2 1
music-streaming/backend/internal/uploader/bucket.go:331.3,333.9 3 2
music-streaming/backend/internal/uploader/bucket.go:337.2,338.16 2 7
music-streaming/backend/internal/uploader/bucket.go:338.16,341.3 2 1
music-streaming/backend/internal/uploader/bucket.go:342.2,342.13 1 6
music-streaming/backend/internal/uploader/bucket.go:342.13,345.3 2 1
music-streaming/backend/internal/uploader/bucket.go:348.2,351.16 2 5
music-streaming/backend/internal/uploader/bucket.go:351.16,354.3 2 1
music-streaming/backend/internal/uploader/bucket.go:356.2,356.31 1 4
music-streaming/backend/internal/uploader/bucket.go:356.31,358.40 2 2
music-streaming/backend/internal/uploader/bucket.go:358.40,360.4 1 3
music-streaming/backend/internal/uploader/bucket.go:361.3,364.18 1 2
music-streaming/backend/internal/uploader/bucket.go:364.18,367.4 2 1
music-streaming/backend/internal/uploader/bucket.go:370.2,372.17 1 3
music-streaming/backend/internal/uploader/bucket.go:372.17,375.3 2 1
music-streaming/backend/internal/uploader/bucket.go:377.2,378.74 2 2
music-streaming/backend/internal/uploader/bucket.go:385.91,386.85 1 13
music-streaming/backend/internal/uploader/bucket.go:386.85,389.3 2 1
music-streaming/backend/internal/uploader/bucket.go:391.2,391.19 1 12
music-streaming/backend/internal/uploader/bucket.go:391.19,394.3 2 0
music-streaming/backend/internal/uploader/bucket.go:396.2,399.62 2 12
music-streaming/backend/internal/uploader/bucket.go:399.62,402.3 2 1
music-streaming/backend/internal/uploader/bucket.go:403.2,403.43 1 11
music-streaming/backend/internal/uploader/bucket.go:403.43,406.3 2 1
music-streaming/backend/internal/uploader/bucket.go:407.2,407.29 1 10
music-streaming/backend/internal/uploader/bucket.go:407.29,410.3 2 1
music-streaming/backend/internal/uploader/bucket.go:413.2,414.16 2 9
music-streaming/backend/internal/uploader/bucket.go:414.16,417.3 2 0
music-streaming/backend/internal/uploader/bucket.go:418.2,418.16 1 9
music-streaming/backend/internal/uploader/bucket.go:418.16,421.3 2 1
music-streaming/backend/internal/uploader/bucket.go:424.2,425.16 2 8
music-streaming/backend/internal/uploader/bucket.go:425.16,428.3 2 0
music-streaming/backend/internal/uploader/bucket.go:429.2,429.15 1 8
music-streaming/backend/internal/uploader/bucket.go:429.15,432.3 2 1
music-streaming/backend/internal/uploader/bucket.go:435.2,437.17 1 7
music-streaming/backend/internal/uploader/bucket.go:437.17,440.3 2 1
music-streaming/backend/internal/uploader/bucket.go:443.2,446.16 2 6
music-streaming/backend/internal/uploader/bucket.go:446.16,449.3 2 1
music-streaming/backend/internal/uploader/bucket.go:451.2,451.39 1 5
music-streaming/backend/internal/uploader/bucket.go:451.39,457.18 2 3
music-streaming/backend/internal/uploader/bucket.go:457.18,460.4 2 1
music-streaming/backend/internal/uploader/bucket.go:464.2,464.31 1 4
music-streaming/backend/internal/uploader/bucket.go:464.31,466.40 2 2
music-streaming/backend/internal/uploader/bucket.go:466.40,468.4 1 2
music-streaming/backend/internal/uploader/bucket.go:469.3,472.18 1 2
music-streaming/backend/internal/uploader/bucket.go:472.18,475.4 2 1
music-streaming/backend/internal/uploader/bucket.go:478.2,480.17 1 3
music-streaming/backend/internal/uploader/bucket.go:480.17,483.3 2 1
music-streaming/backend/internal/uploader/bucket.go:485.2,490.80 3 2
music-streaming/backend/internal/uploader/bucket.go:495.78,496.21 1 5
music-streaming/backend/internal/uploader/bucket.go:496.21,499.3 2 2
music-streaming/backend/internal/uploader/bucket.go:501.2,502.33 2 3
music-streaming/backend/internal/uploader/bucket.go:502.33,505.3 2 1
music-streaming/backend/internal/uploader/bucket.go:507.2,508.16 2 2
music-streaming/backend/internal/uploader/bucket.go:508.16,511.3 2 1
music-streaming/backend/internal/uploader/bucket.go:513.2,515.71 3 1
music-streaming/backend/internal/uploader/bucket.go:520.89,521.21 1 6
music-streaming/backend/internal/uploader/bucket.go:521.21,524.3 2 2
music-streaming/backend/internal/uploader/bucket.go:526.2,526.82 1 4
music-streaming/backend/internal/uploader/bucket.go:526.82,529.3 2 1
music-streaming/backend/internal/uploader/bucket.go:531.2,531.16 1 3
music-streaming/backend/internal/uploader/bucket.go:531.16,534.3 2 0
music-streaming/backend/internal/uploader/bucket.go:536.2,536.66 1 3
music-streaming/backend/internal/uploader/bucket.go:536.66,537.58 1 2
music-streaming/backend/internal/uploader/bucket.go:537.58,540.4 2 1
music-streaming/backend/internal/uploader/bucket.go:541.3,542.9 2 1
music-streaming/backend/internal/uploader/bucket.go:545.2,546.86 2 1
music-streaming/backend/internal/uploader/bucket.go:551.72,553.61 2 0
music-streaming/backend/internal/uploader/bucket.go:553.61,556.3 2 0
music-streaming/backend/internal/uploader/bucket.go:557.2,569.17 1 0
music-streaming/backend/internal/uploader/bucket.go:569.17,571.3 1 0
music-streaming/backend/internal/uploader/bucket.go:577.73,596.16 3 0
music-streaming/backend/internal/uploader/bucket.go:596.16,599.3 1 0
music-streaming/backend/internal/uploader/claims.go:23.61,26.2 2 197
music-streaming/backend/internal/uploader/claims.go:31.54,32.37 1 40
music-streaming/backend/internal/uploader/claims.go:32.37,33.15 1 35
music-streaming/backend/internal/uploader/claims.go:33.15,35.4 1 14
music-streaming/backend/internal/uploader/claims.go:36.3,36.18 1 21
music-streaming/backend/internal/uploader/claims.go:36.18,38.4 1 9
music-streaming/backend/internal/uploader/claims.go:39.3,39.40 1 12
music-streaming/backend/internal/uploader/claims.go:39.40,41.4 1 2
music-streaming/backend/internal/uploader/claims.go:43.2,43.14 1 15
music-streaming/backend/internal/uploader/claims.go:49.49,50.23 1 59
music-streaming/backend/internal/uploader/claims.go:50.23,52.3 1 1
music-streaming/backend/internal/uploader/claims.go:53.2,53.37 1 58
music-streaming/backend/internal/uploader/claims.go:53.37,54.15 1 56
music-streaming/backend/internal/uploader/claims.go:54.15,55.12 1 1
music-streaming/backend/internal/uploader/claims.go:57.3,57.18 1 55
music-streaming/backend/internal/uploader/claims.go:57.18,59.4 1 42
music-streaming/backend/internal/uploader/claims.go:60.3,60.40 1 13
music-streaming/backend/internal/uploader/claims.go:60.40,62.4 1 8
music-streaming/backend/internal/uploader/claims.go:64.2,64.14 1 8
music-streaming/backend/internal/uploader/cors.go:15.43,17.25 2 5
music-streaming/backend/internal/uploader/cors.go:17.25,19.3 1 4
music-streaming/backend/internal/uploader/cors.go:20.2,20.71 1 5
music-streaming/backend/internal/uploader/cors.go:20.71,28.37 6 5
music-streaming/backend/internal/uploader/cors.go:28.37,31.4 2 2
music-streaming/backend/internal/uploader/cors.go:33.3,33.23 1 3
music-streaming/backend/internal/uploader/jwk_rsa.go:12.74,14.16 2 4
music-streaming/backend/internal/uploader/jwk_rsa.go:14.16,16.3 1 1
music-streaming/backend/internal/uploader/jwk_rsa.go:18.2,19.16 2 3
music-streaming/backend/internal/uploader/jwk_rsa.go:19.16,21.3 1 1
music-streaming/backend/internal/uploader/jwk_rsa.go:23.2,27.27 3 2
music-streaming/backend/internal/uploader/jwk_rsa.go:27.27,29.3 1 4
music-streaming/backend/internal/uploader/jwk_rsa.go:30.2,30.12 1 2
music-streaming/backend/internal/uploader/jwk_rsa.go:30.12,32.3 1 1
music-streaming/backend/internal/uploader/jwk_rsa.go:34.2,34.40 1 1
music-streaming/backend/internal/uploader/keycloak.go:31.93,32.62 1 5
music-streaming/backend/internal/uploader/keycloak.go:32.62,34.3 1 3
music-streaming/backend/internal/uploader/keycloak.go:35.2,36.21 2 2
music-streaming/backend/internal/uploader/keycloak.go:36.21,38.3 1 1
music-streaming/backend/internal/uploader/keycloak.go:39.2,44.3 1 1
music-streaming/backend/internal/uploader/keycloak.go:49.92,51.16 2 4
music-streaming/backend/internal/uploader/keycloak.go:51.16,53.3 1 1
music-streaming/backend/internal/uploader/keycloak.go:57.2,57.60 1 3
music-streaming/backend/internal/uploader/keycloak.go:57.60,59.3 1 0
music-streaming/backend/internal/uploader/keycloak.go:61.2,62.16 2 3
music-streaming/backend/internal/uploader/keycloak.go:62.16,64.3 1 1
music-streaming/backend/internal/uploader/keycloak.go:67.2,67.45 1 2
music-streaming/backend/internal/uploader/keycloak.go:67.45,68.18 1 1
music-streaming/backend/internal/uploader/keycloak.go:68.18,70.4 1 1
music-streaming/backend/internal/uploader/keycloak.go:72.2,74.69 2 1
music-streaming/backend/internal/uploader/keycloak.go:74.69,76.3 1 0
music-streaming/backend/internal/uploader/keycloak.go:77.2,77.12 1 1
music-streaming/backend/internal/uploader/keycloak.go:80.82,89.16 4 6
music-streaming/backend/internal/uploader/keycloak.go:89.16,91.3 1 0
music-streaming/backend/internal/uploader/keycloak.go:92.2,95.16 3 6
music-streaming/backend/internal/uploader/keycloak.go:95.16,97.3 1 0
music-streaming/backend/internal/uploader/keycloak.go:98.2,100.38 2 6
music-streaming/backend/internal/uploader/keycloak.go:100.38,102.3 1 2
music-streaming/backend/internal/uploader/keycloak.go:103.2,106.67 2 4
music-streaming/backend/internal/uploader/keycloak.go:106.67,108.3 1 0
music-streaming/backend/internal/uploader/keycloak.go:109.2,109.32 1 4
music-streaming/backend/internal/uploader/keycloak.go:112.123,114.54 1 3
music-streaming/backend/internal/uploader/keycloak.go:114.54,118.17 3 4
music-streaming/backend/internal/uploader/keycloak.go:118.17,120.4 1 0
music-streaming/backend/internal/uploader/keycloak.go:121.3,124.17 3 4
music-streaming/backend/internal/uploader/keycloak.go:124.17,126.4 1 0
music-streaming/backend/internal/uploader/keycloak.go:127.3,133.53 4 4
music-streaming/backend/internal/uploader/keycloak.go:133.53,134.12 1 0
music-streaming/backend/internal/uploader/keycloak.go:136.3,136.22 1 4
music-streaming/backend/internal/uploader/keycloak.go:136.22,137.12 1 2
music-streaming/backend/internal/uploader/keycloak.go:139.3,140.26 2 2
music-streaming/backend/internal/uploader/keycloak.go:140.26,142.4 1 0
music-streaming/backend/internal/uploader/keycloak.go:143.3,143.33 1 2
music-streaming/backend/internal/uploader/keycloak.go:145.2,145.78 1 1
music-streaming/backend/internal/uploader/keycloak.go:148.123,151.16 3 1
music-streaming/backend/internal/uploader/keycloak.go:151.16,153.3 1 0
music-streaming/backend/internal/uploader/keycloak.go:154.2,155.16 2 1
music-streaming/backend/internal/uploader/keycloak.go:155.16,157.3 1 0
music-streaming/backend/internal/uploader/keycloak.go:158.2,162.16 4 1
music-streaming/backend/internal/uploader/keycloak.go:162.16,164.3 1 0
music-streaming/backend/internal/uploader/keycloak.go:165.2,167.45 2 1
music-streaming/backend/internal/uploader/keycloak.go:167.45,169.3 1 0
music-streaming/backend/internal/uploader/keycloak.go:170.2,170.12 1 1
music-streaming/backend/internal/uploader/keycloak.go:175.84,177.16 2 2
music-streaming/backend/internal/uploader/keycloak.go:177.16,179.3 1 1
music-streaming/backend/internal/uploader/keycloak.go:181.2,183.16 3 1
music-streaming/backend/internal/uploader/keycloak.go:183.16,185.3 1 0
music-streaming/backend/internal/uploader/keycloak.go:186.2,189.16 3 1
music-streaming/backend/internal/uploader/keycloak.go:189.16,191.3 1 0
music-streaming/backend/internal/uploader/keycloak.go:192.2,194.45 2 1
music-streaming/backend/internal/uploader/keycloak.go:194.45,196.3 1 0
music-streaming/backend/internal/uploader/keycloak.go:197.2,197.12 1 1
music-streaming/backend/internal/uploader/keycloak.go:203.94,207.16 3 3
music-streaming/backend/internal/uploader/keycloak.go:207.16,209.3 1 0
music-streaming/backend/internal/uploader/keycloak.go:210.2,213.16 3 3
music-streaming/backend/internal/uploader/keycloak.go:213.16,215.3 1 0
music-streaming/backend/internal/uploader/keycloak.go:216.2,219.52 4 3
music-streaming/backend/internal/uploader/keycloak.go:219.52,221.3 1 0
music-streaming/backend/internal/uploader/keycloak.go:223.2,224.26 2 3
music-streaming/backend/internal/uploader/keycloak.go:224.26,225.47 1 1
music-streaming/backend/internal/uploader/keycloak.go:225.47,226.39 1 1
music-streaming/backend/internal/uploader/keycloak.go:226.39,228.5 1 1
music-streaming/backend/internal/uploader/keycloak.go:233.2,246.16 4 2
music-streaming/backend/internal/uploader/keycloak.go:246.16,248.3 1 0
music-streaming/backend/internal/uploader/keycloak.go:249.2,250.16 2 2
music-streaming/backend/internal/uploader/keycloak.go:250.16,252.3 1 0
music-streaming/backend/internal/uploader/keycloak.go:253.2,257.16 4 2
music-streaming/backend/internal/uploader/keycloak.go:257.16,259.3 1 0
music-streaming/backend/internal/uploader/keycloak.go:260.2,262.38 2 2
music-streaming/backend/internal/uploader/keycloak.go:262.38,264.3 1 0
music-streaming/backend/internal/uploader/keycloak.go:265.2,265.12 1 2
music-streaming/backend/internal/uploader/provision.go:23.78,24.71 1 4
music-streaming/backend/internal/uploader/provision.go:24.71,25.66 1 4
music-streaming/backend/internal/uploader/provision.go:25.66,28.4 2 2
music-streaming/backend/internal/uploader/provision.go:29.3,29.23 1 2
music-streaming/backend/internal/uploader/provision.go:37.47,42.2 4 28
music-streaming/backend/internal/uploader/provision.go:53.76,54.33 1 10
music-streaming/backend/internal/uploader/provision.go:54.33,57.3 2 1
music-streaming/backend/internal/uploader/provision.go:59.2,60.62 2 9
music-streaming/backend/internal/uploader/provision.go:60.62,63.3 2 0
music-streaming/backend/internal/uploader/provision.go:65.2,66.21 2 9
music-streaming/backend/internal/uploader/provision.go:66.21,69.3 2 1
music-streaming/backend/internal/uploader/provision.go:71.2,74.16 3 8
music-streaming/backend/internal/uploader/provision.go:74.16,77.3 2 1
music-streaming/backend/internal/uploader/provision.go:79.2,80.13 2 7
music-streaming/backend/internal/uploader/provision.go:80.13,83.18 1 5
music-streaming/backend/internal/uploader/provision.go:83.18,86.4 2 1
music-streaming/backend/internal/uploader/provision.go:87.3,90.49 2 4
music-streaming/backend/internal/uploader/provision.go:90.49,92.4 1 0
music-streaming/backend/internal/uploader/provision.go:97.2,97.50 1 6
music-streaming/backend/internal/uploader/provision.go:97.50,98.92 1 2
music-streaming/backend/internal/uploader/provision.go:98.92,101.4 2 1
music-streaming/backend/internal/uploader/provision.go:104.2,105.25 2 5
music-streaming/backend/internal/uploader/provision.go:105.25,110.3 4 3
music-streaming/backend/internal/uploader/provision.go:111.2,112.84 2 2
music-streaming/backend/internal/uploader/purge.go:18.67,23.53 2 7
music-streaming/backend/internal/uploader/purge.go:23.53,26.3 2 1
music-streaming/backend/internal/uploader/purge.go:27.2,27.28 1 6
music-streaming/backend/internal/uploader/purge.go:27.28,30.3 2 1
music-streaming/backend/internal/uploader/purge.go:32.2,38.50 3 5
music-streaming/backend/internal/uploader/purge.go:38.50,41.3 2 1
music-streaming/backend/internal/uploader/purge.go:44.2,44.49 1 4
music-streaming/backend/internal/uploader/purge.go:44.49,46.40 2 2
music-streaming/backend/internal/uploader/purge.go:46.40,48.4 1 2
music-streaming/backend/internal/uploader/purge.go:49.3,52.18 1 2
music-streaming/backend/internal/uploader/purge.go:52.18,55.4 2 1
music-streaming/backend/internal/uploader/purge.go:59.2,61.43 1 3
music-streaming/backend/internal/uploader/purge.go:61.43,64.3 2 0
music-streaming/backend/internal/uploader/purge.go:67.2,67.21 1 3
music-streaming/backend/internal/uploader/purge.go:67.21,68.79 1 2
music-streaming/backend/internal/uploader/purge.go:68.79,70.4 1 2
music-streaming/backend/internal/uploader/purge.go:74.2,74.21 1 3
music-streaming/backend/internal/uploader/purge.go:74.21,75.75 1 2
music-streaming/backend/internal/uploader/purge.go:75.75,77.4 1 0
music-streaming/backend/internal/uploader/purge.go:81.2,81.12 1 3
music-streaming/backend/internal/uploader/purge.go:81.12,89.18 1 3
music-streaming/backend/internal/uploader/purge.go:89.18,91.4 1 0
music-streaming/backend/internal/uploader/purge.go:94.2,94.79 1 3
music-streaming/backend/internal/uploader/server.go:61.88,63.21 1 26
music-streaming/backend/internal/uploader/server.go:63.21,64.83 1 4
music-streaming/backend/internal/uploader/server.go:64.83,66.4 1 1
music-streaming/backend/internal/uploader/server.go:68.2,68.36 1 25
music-streaming/backend/internal/uploader/server.go:68.36,70.3 1 14
music-streaming/backend/internal/uploader/server.go:74.2,74.62 1 11
music-streaming/backend/internal/uploader/server.go:74.62,76.3 1 1
music-streaming/backend/internal/uploader/server.go:77.2,77.43 1 10
music-streaming/backend/internal/uploader/server.go:77.43,79.3 1 8
music-streaming/backend/internal/uploader/server.go:80.2,81.16 2 2
music-streaming/backend/internal/uploader/server.go:81.16,83.3 1 0
music-streaming/backend/internal/uploader/server.go:84.2,84.11 1 2
music-streaming/backend/internal/uploader/server.go:89.46,91.13 2 14
music-streaming/backend/internal/uploader/server.go:91.13,93.3 1 3
music-streaming/backend/internal/uploader/server.go:94.2,94.56 1 11
music-streaming/backend/internal/uploader/server.go:98.36,106.131 6 0
music-streaming/backend/internal/uploader/server.go:106.131,107.23 1 0
music-streaming/backend/internal/uploader/server.go:107.23,113.4 1 0
music-streaming/backend/internal/uploader/server.go:114.3,114.54 1 0
music-streaming/backend/internal/uploader/server.go:117.2,122.16 2 0
music-streaming/backend/internal/uploader/server.go:122.16,124.3 1 0
music-streaming/backend/internal/uploader/server.go:127.2,127.56 1 0
music-streaming/backend/internal/uploader/server.go:127.56,129.3 1 0
music-streaming/backend/internal/uploader/server.go:131.2,132.16 2 0
music-streaming/backend/internal/uploader/server.go:132.16,134.3 1 0
music-streaming/backend/internal/uploader/server.go:136.2,137.53 2 0
music-streaming/backend/internal/uploader/server.go:137.53,138.53 1 0
music-streaming/backend/internal/uploader/server.go:138.53,140.4 1 0
music-streaming/backend/internal/uploader/server.go:146.2,147.65 2 0
music-streaming/backend/internal/uploader/server.go:147.65,148.132 1 0
music-streaming/backend/internal/uploader/server.go:148.132,150.4 1 0
music-streaming/backend/internal/uploader/server.go:151.3,156.17 2 0
music-streaming/backend/internal/uploader/server.go:156.17,157.64 1 0
music-streaming/backend/internal/uploader/server.go:157.64,157.89 1 0
music-streaming/backend/internal/uploader/server.go:158.4,158.45 1 0
music-streaming/backend/internal/uploader/server.go:162.2,170.8 1 0
music-streaming/backend/internal/uploader/server.go:174.85,186.16 5 5
music-streaming/backend/internal/uploader/server.go:186.16,188.3 1 0
music-streaming/backend/internal/uploader/server.go:190.2,190.53 1 5
music-streaming/backend/internal/uploader/server.go:195.94,208.16 6 0
music-streaming/backend/internal/uploader/server.go:208.16,210.3 1 0
music-streaming/backend/internal/uploader/server.go:212.2,212.52 1 0
music-streaming/backend/internal/uploader/server.go:216.75,217.45 1 0
music-streaming/backend/internal/uploader/server.go:217.45,219.3 1 0
music-streaming/backend/internal/uploader/server.go:221.2,222.16 2 0
music-streaming/backend/internal/uploader/server.go:222.16,224.3 1 0
music-streaming/backend/internal/uploader/server.go:226.2,227.35 2 0
music-streaming/backend/internal/uploader/server.go:232.57,233.50 1 6
music-streaming/backend/internal/uploader/server.go:233.50,236.40 3 7
music-streaming/backend/internal/uploader/server.go:236.40,238.18 2 3
music-streaming/backend/internal/uploader/server.go:238.18,240.5 1 3
music-streaming/backend/internal/uploader/server.go:243.2,243.11 1 3
music-streaming/backend/internal/uploader/server.go:253.68,258.63 3 13
music-streaming/backend/internal/uploader/server.go:258.63,261.3 2 1
music-streaming/backend/internal/uploader/server.go:264.2,264.68 1 12
music-streaming/backend/internal/uploader/server.go:264.68,267.3 2 1
music-streaming/backend/internal/uploader/server.go:270.2,270.75 1 11
music-streaming/backend/internal/uploader/server.go:270.75,273.3 2 1
music-streaming/backend/internal/uploader/server.go:276.2,276.96 1 10
music-streaming/backend/internal/uploader/server.go:276.96,280.3 3 1
music-streaming/backend/internal/uploader/server.go:283.2,288.27 4 9
music-streaming/backend/internal/uploader/server.go:288.27,290.19 2 7
music-streaming/backend/internal/uploader/server.go:291.23,292.25 1 3
music-streaming/backend/internal/uploader/server.go:292.25,295.5 2 1
music-streaming/backend/internal/uploader/server.go:296.4,296.71 1 2
music-streaming/backend/internal/uploader/server.go:296.71,299.5 2 1
music-streaming/backend/internal/uploader/server.go:300.4,301.10 2 1
music-streaming/backend/internal/uploader/server.go:302.24,303.60 1 2
music-streaming/backend/internal/uploader/server.go:303.60,304.60 1 1
music-streaming/backend/internal/uploader/server.go:304.60,307.6 2 1
music-streaming/backend/internal/uploader/server.go:309.4,310.10 2 1
music-streaming/backend/internal/uploader/server.go:311.26,313.10 2 1
music-streaming/backend/internal/uploader/server.go:314.11,316.10 2 1
music-streaming/backend/internal/uploader/server.go:321.2,321.63 1 2
music-streaming/backend/internal/uploader/server.go:321.63,323.19 2 2
music-streaming/backend/internal/uploader/server.go:323.19,326.4 2 1
music-streaming/backend/internal/uploader/server.go:328.3,328.55 1 1
music-streaming/backend/internal/uploader/server.go:328.55,329.55 1 1
music-streaming/backend/internal/uploader/server.go:329.55,333.5 3 1
music-streaming/backend/internal/uploader/server.go:336.3,337.17 2 0
music-streaming/backend/internal/uploader/server.go:337.17,340.4 2 0
music-streaming/backend/internal/uploader/server.go:343.3,347.9 4 0
music-streaming/backend/internal/uploader/server.go:351.2,351.26 1 0
music-streaming/backend/internal/uploader/server.go:351.26,354.17 3 0
music-streaming/backend/internal/uploader/server.go:354.17,357.4 2 0
music-streaming/backend/internal/uploader/server.go:358.3,359.9 2 0
music-streaming/backend/internal/uploader/server.go:363.2,363.30 1 0
music-streaming/backend/internal/uploader/server.go:368.72,370.18 2 5
music-streaming/backend/internal/uploader/server.go:370.18,373.3 2 2
music-streaming/backend/internal/uploader/server.go:375.2,375.54 1 3
music-streaming/backend/internal/uploader/server.go:375.54,376.54 1 1
music-streaming/backend/internal/uploader/server.go:376.54,380.4 3 1
music-streaming/backend/internal/uploader/server.go:383.2,386.16 2 2
music-streaming/backend/internal/uploader/server.go:386.16,387.28 1 1
music-streaming/backend/internal/uploader/server.go:387.28,390.4 2 1
music-streaming/backend/internal/uploader/server.go:391.3,392.9 2 0
music-streaming/backend/internal/uploader/server.go:395.2,405.38 3 1
music-streaming/backend/internal/uploader/server.go:405.38,408.91 2 2
music-streaming/backend/internal/uploader/server.go:408.91,409.12 1 1
music-streaming/backend/internal/uploader/server.go:413.3,418.17 3 1
music-streaming/backend/internal/uploader/server.go:418.17,422.78 2 1
music-streaming/backend/internal/uploader/server.go:422.78,423.72 1 1
music-streaming/backend/internal/uploader/server.go:423.72,425.6 1 1
music-streaming/backend/internal/uploader/server.go:427.4,427.24 1 1
music-streaming/backend/internal/uploader/server.go:430.3,431.30 2 1
music-streaming/backend/internal/uploader/server.go:431.30,433.4 1 0
music-streaming/backend/internal/uploader/server.go:436.3,446.5 3 1
music-streaming/backend/internal/uploader/server.go:449.2,450.57 2 1
music-streaming/backend/internal/uploader/server.go:450.57,453.3 2 0
music-streaming/backend/internal/uploader/server.go:454.2,454.71 1 1
music-streaming/backend/internal/uploader/server.go:459.95,460.54 1 4
music-streaming/backend/internal/uploader/server.go:460.54,461.54 1 2
music-streaming/backend/internal/uploader/server.go:461.54,465.4 3 1
music-streaming/backend/internal/uploader/server.go:469.2,474.16 3 3
music-streaming/backend/internal/uploader/server.go:474.16,478.77 2 1
music-streaming/backend/internal/uploader/server.go:478.77,479.59 1 1
music-streaming/backend/internal/uploader/server.go:479.59,481.5 1 1
music-streaming/backend/internal/uploader/server.go:483.3,483.23 1 1
music-streaming/backend/internal/uploader/server.go:487.2,491.16 2 3
music-streaming/backend/internal/uploader/server.go:491.16,492.28 1 2
music-streaming/backend/internal/uploader/server.go:492.28,495.4 2 1
music-streaming/backend/internal/uploader/server.go:496.3,497.9 2 1
music-streaming/backend/internal/uploader/server.go:499.2,503.54 3 1
music-streaming/backend/internal/uploader/server.go:503.54,505.3 1 1
music-streaming/backend/internal/uploader/server.go:506.2,508.56 3 1
music-streaming/backend/internal/uploader/server.go:508.56,510.3 1 1
music-streaming/backend/internal/uploader/server.go:512.2,514.75 3 1
music-streaming/backend/internal/uploader/server.go:519.93,520.54 1 6
music-streaming/backend/internal/uploader/server.go:520.54,521.54 1 4
music-streaming/backend/internal/uploader/server.go:521.54,525.4 3 1
music-streaming/backend/internal/uploader/server.go:529.2,533.16 2 5
music-streaming/backend/internal/uploader/server.go:533.16,534.28 1 3
music-streaming/backend/internal/uploader/server.go:534.28,537.4 2 2
music-streaming/backend/internal/uploader/server.go:538.3,539.9 2 1
music-streaming/backend/internal/uploader/server.go:543.2,548.17 2 2
music-streaming/backend/internal/uploader/server.go:548.17,551.3 2 1
music-streaming/backend/internal/uploader/server.go:553.2,567.17 2 1
music-streaming/backend/internal/uploader/server.go:567.17,570.3 2 0
music-streaming/backend/internal/uploader/server.go:572.2,576.21 3 1
music-streaming/backend/internal/uploader/server.go:576.21,577.13 1 0
music-streaming/backend/internal/uploader/server.go:577.13,578.97 1 0
music-streaming/backend/internal/uploader/server.go:578.97,580.5 1 0
music-streaming/backend/internal/uploader/server.go:587.91,588.54 1 5
music-streaming/backend/internal/uploader/server.go:588.54,589.54 1 1
music-streaming/backend/internal/uploader/server.go:589.54,593.4 3 0
music-streaming/backend/internal/uploader/server.go:596.2,600.16 2 5
music-streaming/backend/internal/uploader/server.go:600.16,601.28 1 2
music-streaming/backend/internal/uploader/server.go:601.28,604.4 2 1
music-streaming/backend/internal/uploader/server.go:605.3,606.9 2 1
music-streaming/backend/internal/uploader/server.go:609.2,617.38 3 3
music-streaming/backend/internal/uploader/server.go:617.38,619.61 2 2
music-streaming/backend/internal/uploader/server.go:619.61,620.12 1 1
music-streaming/backend/internal/uploader/server.go:622.3,629.17 4 1
music-streaming/backend/internal/uploader/server.go:629.17,633.78 2 1
music-streaming/backend/internal/uploader/server.go:633.78,634.72 1 1
music-streaming/backend/internal/uploader/server.go:634.72,636.6 1 1
music-streaming/backend/internal/uploader/server.go:638.4,638.24 1 1
music-streaming/backend/internal/uploader/server.go:641.3,642.30 2 1
music-streaming/backend/internal/uploader/server.go:642.30,644.4 1 0
music-streaming/backend/internal/uploader/server.go:646.3,651.5 1 1
music-streaming/backend/internal/uploader/server.go:654.2,656.78 3 3
music-streaming/backend/internal/uploader/server.go:661.94,662.54 1 7
music-streaming/backend/internal/uploader/server.go:662.54,663.54 1 1
music-streaming/backend/internal/uploader/server.go:663.54,667.4 3 0
music-streaming/backend/internal/uploader/server.go:670.2,676.17 2 7
music-streaming/backend/internal/uploader/server.go:676.17,677.28 1 3
music-streaming/backend/internal/uploader/server.go:677.28,680.4 2 2
music-streaming/backend/internal/uploader/server.go:681.3,682.9 2 1
music-streaming/backend/internal/uploader/server.go:686.2,689.17 1 4
music-streaming/backend/internal/uploader/server.go:689.17,692.3 2 1
music-streaming/backend/internal/uploader/server.go:692.8,692.35 1 3
music-streaming/backend/internal/uploader/server.go:692.35,695.3 2 1
music-streaming/backend/internal/uploader/server.go:698.2,702.17 1 2
music-streaming/backend/internal/uploader/server.go:702.17,705.3 2 1
music-streaming/backend/internal/uploader/server.go:707.2,724.98 4 1
music-streaming/backend/internal/uploader/server.go:728.39,732.2 3 17
music-streaming/backend/internal/uploader/server.go:735.43,738.2 2 1
music-streaming/backend/internal/uploader/sharedlinks.go:18.78,20.9 2 7
music-streaming/backend/internal/uploader/sharedlinks.go:20.9,23.3 2 1
music-streaming/backend/internal/uploader/sharedlinks.go:25.2,25.21 1 6
music-streaming/backend/internal/uploader/sharedlinks.go:25.21,28.3 2 2
music-streaming/backend/internal/uploader/sharedlinks.go:30.2,31.28 2 4
music-streaming/backend/internal/uploader/sharedlinks.go:31.28,33.3 1 3
music-streaming/backend/internal/uploader/sharedlinks.go:34.2,35.44 2 4
music-streaming/backend/internal/uploader/sharedlinks.go:35.44,37.3 1 3
music-streaming/backend/internal/uploader/sharedlinks.go:39.2,40.16 2 4
music-streaming/backend/internal/uploader/sharedlinks.go:40.16,43.3 2 2
music-streaming/backend/internal/uploader/sharedlinks.go:46.2,58.34 4 2
music-streaming/backend/internal/uploader/sharedlinks.go:58.34,69.42 2 2
music-streaming/backend/internal/uploader/sharedlinks.go:69.42,71.36 2 0
music-streaming/backend/internal/uploader/sharedlinks.go:71.36,73.5 1 0
music-streaming/backend/internal/uploader/sharedlinks.go:74.4,78.25 2 0
music-streaming/backend/internal/uploader/sharedlinks.go:78.25,80.5 1 0
music-streaming/backend/internal/uploader/sharedlinks.go:82.3,82.30 1 2
music-streaming/backend/internal/uploader/sharedlinks.go:85.2,91.4 2 2
music-streaming/backend/internal/uploader/sharedlinks.go:98.90,100.9 2 7
music-streaming/backend/internal/uploader/sharedlinks.go:100.9,103.3 2 1
music-streaming/backend/internal/uploader/sharedlinks.go:105.2,105.21 1 6
music-streaming/backend/internal/uploader/sharedlinks.go:105.21,108.3 2 2
music-streaming/backend/internal/uploader/sharedlinks.go:110.2,111.14 2 4
music-streaming/backend/internal/uploader/sharedlinks.go:111.14,114.3 2 1
music-streaming/backend/internal/uploader/sharedlinks.go:116.2,116.83 1 3
music-streaming/backend/internal/uploader/sharedlinks.go:116.83,117.49 1 2
music-streaming/backend/internal/uploader/sharedlinks.go:117.49,120.4 2 1
music-streaming/backend/internal/uploader/sharedlinks.go:121.3,122.9 2 1
music-streaming/backend/internal/uploader/sharedlinks.go:125.2,125.37 1 1
music-streaming/backend/internal/uploader/sharefile.go:29.72,32.32 3 11
music-streaming/backend/internal/uploader/sharefile.go:32.32,35.3 2 3
music-streaming/backend/internal/uploader/sharefile.go:37.2,37.54 1 8
music-streaming/backend/internal/uploader/sharefile.go:37.54,38.54 1 8
music-streaming/backend/internal/uploader/sharefile.go:38.54,42.4 3 1
music-streaming/backend/internal/uploader/sharefile.go:45.2,46.63 2 7
music-streaming/backend/internal/uploader/sharefile.go:46.63,48.27 2 3
music-streaming/backend/internal/uploader/sharefile.go:48.27,51.4 2 2
music-streaming/backend/internal/uploader/sharefile.go:52.3,52.27 1 1
music-streaming/backend/internal/uploader/sharefile.go:52.27,54.4 1 0
music-streaming/backend/internal/uploader/sharefile.go:55.3,55.13 1 1
music-streaming/backend/internal/uploader/sharefile.go:59.2,63.16 2 5
music-streaming/backend/internal/uploader/sharefile.go:63.16,64.28 1 1
music-streaming/backend/internal/uploader/sharefile.go:64.28,67.4 2 1
music-streaming/backend/internal/uploader/sharefile.go:68.3,69.9 2 0
music-streaming/backend/internal/uploader/sharefile.go:72.2,76.16 2 4
music-streaming/backend/internal/uploader/sharefile.go:76.16,79.3 2 1
music-streaming/backend/internal/uploader/sharefile.go:81.2,90.21 5 3
music-streaming/backend/internal/uploader/sharefile.go:90.21,91.55 1 0
music-streaming/backend/internal/uploader/sharefile.go:91.55,92.14 1 0
music-streaming/backend/internal/uploader/sharefile.go:92.14,93.116 1 0
music-streaming/backend/internal/uploader/sharefile.go:93.116,95.6 1 0
music-streaming/backend/internal/uploader/shares.go:16.73,20.20 3 15
music-streaming/backend/internal/uploader/shares.go:20.20,23.3 2 0
music-streaming/backend/internal/uploader/shares.go:24.2,27.18 3 15
music-streaming/backend/internal/uploader/shares.go:27.18,30.3 2 1
music-streaming/backend/internal/uploader/shares.go:33.2,34.45 2 14
music-streaming/backend/internal/uploader/shares.go:34.45,37.3 2 1
music-streaming/backend/internal/uploader/shares.go:39.2,39.21 1 13
music-streaming/backend/internal/uploader/shares.go:39.21,42.3 2 2
music-streaming/backend/internal/uploader/shares.go:44.2,44.9 1 11
music-streaming/backend/internal/uploader/shares.go:45.57,46.35 1 2
music-streaming/backend/internal/uploader/shares.go:47.58,48.44 1 5
music-streaming/backend/internal/uploader/shares.go:49.60,50.51 1 3
music-streaming/backend/internal/uploader/shares.go:51.10,52.66 1 1
music-streaming/backend/internal/uploader/shares.go:57.87,59.16 2 2
music-streaming/backend/internal/uploader/shares.go:59.16,62.3 2 1
music-streaming/backend/internal/uploader/shares.go:64.2,65.67 2 1
music-streaming/backend/internal/uploader/shares.go:70.104,75.62 2 5
music-streaming/backend/internal/uploader/shares.go:75.62,78.3 2 1
music-streaming/backend/internal/uploader/shares.go:79.2,79.28 1 4
music-streaming/backend/internal/uploader/shares.go:79.28,82.3 2 1
music-streaming/backend/internal/uploader/shares.go:83.2,83.27 1 3
music-streaming/backend/internal/uploader/shares.go:83.27,85.3 1 0
music-streaming/backend/internal/uploader/shares.go:86.2,86.61 1 3
music-streaming/backend/internal/uploader/shares.go:86.61,89.3 2 1
music-streaming/backend/internal/uploader/shares.go:91.2,92.19 2 2
music-streaming/backend/internal/uploader/shares.go:92.19,94.3 1 2
music-streaming/backend/internal/uploader/shares.go:96.2,97.16 2 2
music-streaming/backend/internal/uploader/shares.go:97.16,98.54 1 1
music-streaming/backend/internal/uploader/shares.go:98.54,101.4 2 1
music-streaming/backend/internal/uploader/shares.go:102.3,103.9 2 0
music-streaming/backend/internal/uploader/shares.go:106.2,109.35 4 1
music-streaming/backend/internal/uploader/shares.go:113.101,114.79 1 3
music-streaming/backend/internal/uploader/shares.go:114.79,115.49 1 2
music-streaming/backend/internal/uploader/shares.go:115.49,118.4 2 1
music-streaming/backend/internal/uploader/shares.go:119.3,120.9 2 1
music-streaming/backend/internal/uploader/shares.go:123.2,124.37 2 1
music-streaming/backend/internal/uploader/sharesclient.go:33.60,39.2 1 77
music-streaming/backend/internal/uploader/sharesclient.go:43.94,46.41 2 8
music-streaming/backend/internal/uploader/sharesclient.go:46.41,48.37 2 1
music-streaming/backend/internal/uploader/sharesclient.go:48.37,50.4 1 1
music-streaming/backend/internal/uploader/sharesclient.go:53.2,60.16 3 7
music-streaming/backend/internal/uploader/sharesclient.go:60.16,62.3 1 0
music-streaming/backend/internal/uploader/sharesclient.go:63.2,66.16 3 7
music-streaming/backend/internal/uploader/sharesclient.go:66.16,68.3 1 0
music-streaming/backend/internal/uploader/sharesclient.go:69.2,85.23 6 7
music-streaming/backend/internal/uploader/sharesclient.go:89.55,90.44 1 8
music-streaming/backend/internal/uploader/sharesclient.go:90.44,91.32 1 1
music-streaming/backend/internal/uploader/sharesclient.go:91.32,92.61 1 1
music-streaming/backend/internal/uploader/sharesclient.go:92.61,94.5 1 1
music-streaming/backend/internal/uploader/sharesclient.go:96.3,96.14 1 1
music-streaming/backend/internal/uploader/sharesclient.go:101.113,105.16 3 4
music-streaming/backend/internal/uploader/sharesclient.go:105.16,107.3 1 0
music-streaming/backend/internal/uploader/sharesclient.go:108.2,111.16 3 4
music-streaming/backend/internal/uploader/sharesclient.go:111.16,113.3 1 0
music-streaming/backend/internal/uploader/sharesclient.go:114.2,119.65 3 4
music-streaming/backend/internal/uploader/sharesclient.go:119.65,121.3 1 1
music-streaming/backend/internal/uploader/sharesclient.go:122.2,122.22 1 3
music-streaming/backend/internal/uploader/sharesclient.go:122.22,124.3 1 1
music-streaming/backend/internal/uploader/sharesclient.go:125.2,125.23 1 3
music-streaming/backend/internal/uploader/sharesclient.go:129.148,139.16 3 5
music-streaming/backend/internal/uploader/sharesclient.go:139.16,141.3 1 0
music-streaming/backend/internal/uploader/sharesclient.go:142.2,146.16 4 5
music-streaming/backend/internal/uploader/sharesclient.go:146.16,148.3 1 0
music-streaming/backend/internal/uploader/sharesclient.go:149.2,151.44 2 5
music-streaming/backend/internal/uploader/sharesclient.go:151.44,153.3 1 2
music-streaming/backend/internal/uploader/sharesclient.go:154.2,154.43 1 3
music-streaming/backend/internal/uploader/sharesclient.go:154.43,156.3 1 1
music-streaming/backend/internal/uploader/sharesclient.go:158.2,160.20 3 2
music-streaming/backend/internal/uploader/sharesclient.go:164.92,172.16 3 5
music-streaming/backend/internal/uploader/sharesclient.go:172.16,174.3 1 0
music-streaming/backend/internal/uploader/sharesclient.go:175.2,178.16 3 5
music-streaming/backend/internal/uploader/sharesclient.go:178.16,180.3 1 0
music-streaming/backend/internal/uploader/sharesclient.go:181.2,183.44 2 5
music-streaming/backend/internal/uploader/sharesclient.go:183.44,185.3 1 2
music-streaming/backend/internal/uploader/sharesclient.go:186.2,186.45 1 3
music-streaming/backend/internal/uploader/sharesclient.go:186.45,188.3 1 1
music-streaming/backend/internal/uploader/sharesclient.go:190.2,191.12 2 2
music-streaming/backend/internal/uploader/sharesclient.go:195.113,199.16 3 5
music-streaming/backend/internal/uploader/sharesclient.go:199.16,201.3 1 0
music-streaming/backend/internal/uploader/sharesclient.go:202.2,205.16 3 5
music-streaming/backend/internal/uploader/sharesclient.go:205.16,207.3 1 0
music-streaming/backend/internal/uploader/sharesclient.go:208.2,213.65 3 5
music-streaming/backend/internal/uploader/sharesclient.go:213.65,215.3 1 1
music-streaming/backend/internal/uploader/sharesclient.go:216.2,216.22 1 4
music-streaming/backend/internal/uploader/sharesclient.go:216.22,218.3 1 1
music-streaming/backend/internal/uploader/sharesclient.go:219.2,219.23 1 4
music-streaming/backend/internal/uploader/sharesclient.go:224.88,228.16 3 4
music-streaming/backend/internal/uploader/sharesclient.go:228.16,230.3 1 0
music-streaming/backend/internal/uploader/sharesclient.go:231.2,234.16 3 4
music-streaming/backend/internal/uploader/sharesclient.go:234.16,236.3 1 0
music-streaming/backend/internal/uploader/sharesclient.go:237.2,239.38 2 4
music-streaming/backend/internal/uploader/sharesclient.go:239.38,241.3 1 3
music-streaming/backend/internal/uploader/sharesclient.go:243.2,244.12 2 1
music-streaming/backend/internal/uploader/sharesclient.go:249.90,251.41 2 7
music-streaming/backend/internal/uploader/sharesclient.go:251.41,253.37 2 1
music-streaming/backend/internal/uploader/sharesclient.go:253.37,255.4 1 1
music-streaming/backend/internal/uploader/sharesclient.go:258.2,260.16 3 6
music-streaming/backend/internal/uploader/sharesclient.go:260.16,262.3 1 0
music-streaming/backend/internal/uploader/sharesclient.go:263.2,266.16 3 6
music-streaming/backend/internal/uploader/sharesclient.go:266.16,268.3 1 0
music-streaming/backend/internal/uploader/sharesclient.go:269.2,281.26 5 6
music-streaming/backend/internal/uploader/sharesclient.go:285.114,292.16 3 4
music-streaming/backend/internal/uploader/sharesclient.go:292.16,294.3 1 0
music-streaming/backend/internal/uploader/sharesclient.go:295.2,299.16 4 4
music-streaming/backend/internal/uploader/sharesclient.go:299.16,301.3 1 0
music-streaming/backend/internal/uploader/sharesclient.go:302.2,304.44 2 4
music-streaming/backend/internal/uploader/sharesclient.go:304.44,306.3 1 1
music-streaming/backend/internal/uploader/sharesclient.go:307.2,307.43 1 3
music-streaming/backend/internal/uploader/sharesclient.go:307.43,309.3 1 1
music-streaming/backend/internal/uploader/sharesclient.go:311.2,312.12 2 2
music-streaming/backend/internal/uploader/sharesclient.go:316.84,319.16 3 5
music-streaming/backend/internal/uploader/sharesclient.go:319.16,321.3 1 0
music-streaming/backend/internal/uploader/sharesclient.go:322.2,325.16 3 5
music-streaming/backend/internal/uploader/sharesclient.go:325.16,327.3 1 0
music-streaming/backend/internal/uploader/sharesclient.go:328.2,330.44 2 5
music-streaming/backend/internal/uploader/sharesclient.go:330.44,332.3 1 2
music-streaming/backend/internal/uploader/sharesclient.go:333.2,333.45 1 3
music-streaming/backend/internal/uploader/sharesclient.go:333.45,335.3 1 1
music-streaming/backend/internal/uploader/sharesclient.go:337.2,338.12 2 2
music-streaming/backend/internal/uploader/sharesclient.go:342.117,345.16 3 7
music-streaming/backend/internal/uploader/sharesclient.go:345.16,347.3 1 0
music-streaming/backend/internal/uploader/sharesclient.go:348.2,351.16 3 7
music-streaming/backend/internal/uploader/sharesclient.go:351.16,353.3 1 0
music-streaming/backend/internal/uploader/sharesclient.go:354.2,359.65 3 7
music-streaming/backend/internal/uploader/sharesclient.go:359.65,361.3 1 1
music-streaming/backend/internal/uploader/sharesclient.go:362.2,362.22 1 6
music-streaming/backend/internal/uploader/sharesclient.go:362.22,364.3 1 0
music-streaming/backend/internal/uploader/sharesclient.go:365.2,365.23 1 6
music-streaming/backend/internal/uploader/sharesclient.go:369.88,372.16 3 4
music-streaming/backend/internal/uploader/sharesclient.go:372.16,374.3 1 0
music-streaming/backend/internal/uploader/sharesclient.go:375.2,378.16 3 4
music-streaming/backend/internal/uploader/sharesclient.go:378.16,380.3 1 0
music-streaming/backend/internal/uploader/sharesclient.go:381.2,383.44 2 4
music-streaming/backend/internal/uploader/sharesclient.go:383.44,385.3 1 1
music-streaming/backend/internal/uploader/sharesclient.go:386.2,386.45 1 3
music-streaming/backend/internal/uploader/sharesclient.go:386.45,388.3 1 0
music-streaming/backend/internal/uploader/sharesclient.go:390.2,390.12 1 3
music-streaming/backend/internal/uploader/sharesclient.go:397.84,398.62 1 3
music-streaming/backend/internal/uploader/sharesclient.go:398.62,400.3 1 1
music-streaming/backend/internal/uploader/sharesclient.go:401.2,401.61 1 3
music-streaming/backend/internal/uploader/sharesclient.go:401.61,403.3 1 1
music-streaming/backend/internal/uploader/sharesclient.go:406.93,409.16 3 6
music-streaming/backend/internal/uploader/sharesclient.go:409.16,411.3 1 0
music-streaming/backend/internal/uploader/sharesclient.go:412.2,415.16 3 6
music-streaming/backend/internal/uploader/sharesclient.go:415.16,417.3 1 0
music-streaming/backend/internal/uploader/sharesclient.go:418.2,420.38 2 6
music-streaming/backend/internal/uploader/sharesclient.go:420.38,422.3 1 2
music-streaming/backend/internal/uploader/sharesclient.go:423.2,423.12 1 4
music-streaming/backend/internal/uploader/sharesclient.go:446.126,456.16 3 2
music-streaming/backend/internal/uploader/sharesclient.go:456.16,458.3 1 0
music-streaming/backend/internal/uploader/sharesclient.go:459.2,463.16 4 2
music-streaming/backend/internal/uploader/sharesclient.go:463.16,465.3 1 0
music-streaming/backend/internal/uploader/sharesclient.go:466.2,468.43 2 2
music-streaming/backend/internal/uploader/sharesclient.go:468.43,470.3 1 1
music-streaming/backend/internal/uploader/sharesclient.go:471.2,471.12 1 1
music-streaming/backend/internal/uploader/sharesclient.go:475.124,480.16 3 4
music-streaming/backend/internal/uploader/sharesclient.go:480.16,482.3 1 0
music-streaming/backend/internal/uploader/sharesclient.go:483.2,486.16 3 4
music-streaming/backend/internal/uploader/sharesclient.go:486.16,488.3 1 0
music-streaming/backend/internal/uploader/sharesclient.go:489.2,491.38 2 4
music-streaming/backend/internal/uploader/sharesclient.go:491.38,493.3 1 1
music-streaming/backend/internal/uploader/sharesclient.go:495.2,496.67 2 3
music-streaming/backend/internal/uploader/sharesclient.go:496.67,498.3 1 1
music-streaming/backend/internal/uploader/sharesclient.go:499.2,499.24 1 2
music-streaming/backend/internal/uploader/sharesclient.go:499.24,501.3 1 0
music-streaming/backend/internal/uploader/sharesclient.go:502.2,502.21 1 2
music-streaming/backend/internal/uploader/sharesclient.go:506.92,511.16 3 3
music-streaming/backend/internal/uploader/sharesclient.go:511.16,513.3 1 0
music-streaming/backend/internal/uploader/sharesclient.go:514.2,517.16 3 3
music-streaming/backend/internal/uploader/sharesclient.go:517.16,519.3 1 0
music-streaming/backend/internal/uploader/sharesclient.go:520.2,522.44 2 3
music-streaming/backend/internal/uploader/sharesclient.go:522.44,524.3 1 1
music-streaming/backend/internal/uploader/sharesclient.go:525.2,525.45 1 2
music-streaming/backend/internal/uploader/sharesclient.go:525.45,527.3 1 1
music-streaming/backend/internal/uploader/sharesclient.go:528.2,528.12 1 1
music-streaming/backend/internal/uploader/sharesclient.go:533.102,538.16 3 2
music-streaming/backend/internal/uploader/sharesclient.go:538.16,540.3 1 0
music-streaming/backend/internal/uploader/sharesclient.go:541.2,544.16 3 2
music-streaming/backend/internal/uploader/sharesclient.go:544.16,546.3 1 0
music-streaming/backend/internal/uploader/sharesclient.go:547.2,549.38 2 2
music-streaming/backend/internal/uploader/sharesclient.go:549.38,551.3 1 1
music-streaming/backend/internal/uploader/sharesclient.go:552.2,552.12 1 1
music-streaming/backend/internal/uploader/sharesclient.go:556.43,556.74 1 11
music-streaming/backend/internal/uploader/stream.go:26.93,27.54 1 11
music-streaming/backend/internal/uploader/stream.go:27.54,28.54 1 2
music-streaming/backend/internal/uploader/stream.go:28.54,32.4 3 1
music-streaming/backend/internal/uploader/stream.go:36.2,40.16 2 10
music-streaming/backend/internal/uploader/stream.go:40.16,41.28 1 3
music-streaming/backend/internal/uploader/stream.go:41.28,44.4 2 1
music-streaming/backend/internal/uploader/stream.go:45.3,46.9 2 2
music-streaming/backend/internal/uploader/stream.go:49.2,52.56 3 7
music-streaming/backend/internal/uploader/stream.go:52.56,54.3 1 6
music-streaming/backend/internal/uploader/stream.go:59.2,64.23 5 7
music-streaming/backend/internal/uploader/stream.go:64.23,69.3 3 4
music-streaming/backend/internal/uploader/stream.go:72.2,73.16 2 3
music-streaming/backend/internal/uploader/stream.go:73.16,79.3 3 1
music-streaming/backend/internal/uploader/stream.go:83.2,89.16 3 2
music-streaming/backend/internal/uploader/stream.go:89.16,90.28 1 0
music-streaming/backend/internal/uploader/stream.go:90.28,93.4 2 0
music-streaming/backend/internal/uploader/stream.go:94.3,95.9 2 0
music-streaming/backend/internal/uploader/stream.go:97.2,104.95 7 2
music-streaming/backend/internal/uploader/stream.go:109.108,114.16 2 4
music-streaming/backend/internal/uploader/stream.go:114.16,115.28 1 2
music-streaming/backend/internal/uploader/stream.go:115.28,118.4 2 1
music-streaming/backend/internal/uploader/stream.go:119.3,120.9 2 1
music-streaming/backend/internal/uploader/stream.go:122.2,126.22 4 2
music-streaming/backend/internal/uploader/stream.go:140.83,141.42 1 22
music-streaming/backend/internal/uploader/stream.go:141.42,143.3 1 1
music-streaming/backend/internal/uploader/stream.go:144.2,147.33 2 21
music-streaming/backend/internal/uploader/stream.go:147.33,149.3 1 1
music-streaming/backend/internal/uploader/stream.go:151.2,152.21 2 20
music-streaming/backend/internal/uploader/stream.go:152.21,154.3 1 0
music-streaming/backend/internal/uploader/stream.go:155.2,157.36 2 20
music-streaming/backend/internal/uploader/stream.go:157.36,159.3 1 1
music-streaming/backend/internal/uploader/stream.go:162.2,162.20 1 19
music-streaming/backend/internal/uploader/stream.go:162.20,164.28 2 5
music-streaming/backend/internal/uploader/stream.go:164.28,166.4 1 2
music-streaming/backend/internal/uploader/stream.go:167.3,168.16 2 3
music-streaming/backend/internal/uploader/stream.go:168.16,170.4 1 1
music-streaming/backend/internal/uploader/stream.go:171.3,171.35 1 3
music-streaming/backend/internal/uploader/stream.go:174.2,175.29 2 14
music-streaming/backend/internal/uploader/stream.go:175.29,177.3 1 1
music-streaming/backend/internal/uploader/stream.go:178.2,178.24 1 13
music-streaming/backend/internal/uploader/stream.go:178.24,180.3 1 3
music-streaming/backend/internal/uploader/stream.go:183.2,183.18 1 10
music-streaming/backend/internal/uploader/stream.go:183.18,185.3 1 2
music-streaming/backend/internal/uploader/stream.go:187.2,188.31 2 8
music-streaming/backend/internal/uploader/stream.go:188.31,190.3 1 2
music-streaming/backend/internal/uploader/stream.go:192.2,192.22 1 6
music-streaming/backend/internal/uploader/stream.go:192.22,194.3 1 1
music-streaming/backend/internal/uploader/stream.go:195.2,195.24 1 6
music-streaming/backend/internal/uploader/vault.go:25.54,26.31 1 9
music-streaming/backend/internal/uploader/vault.go:26.31,28.3 1 2
music-streaming/backend/internal/uploader/vault.go:29.2,29.69 1 7
music-streaming/backend/internal/uploader/vault.go:33.37,35.2 1 7
music-streaming/backend/internal/uploader/vault.go:40.75,46.16 5 3
music-streaming/backend/internal/uploader/vault.go:46.16,48.3 1 0
music-streaming/backend/internal/uploader/vault.go:49.2,53.16 4 3
music-streaming/backend/internal/uploader/vault.go:53.16,55.3 1 0
music-streaming/backend/internal/uploader/vault.go:56.2,60.44 2 3
music-streaming/backend/internal/uploader/vault.go:60.44,62.3 1 2
music-streaming/backend/internal/uploader/vault.go:63.2,63.91 1 1
music-streaming/backend/internal/uploader/vault.go:72.72,79.16 5 3
music-streaming/backend/internal/uploader/vault.go:79.16,81.3 1 0
music-streaming/backend/internal/uploader/vault.go:82.2,86.16 4 3
music-streaming/backend/internal/uploader/vault.go:86.16,88.3 1 0
music-streaming/backend/internal/uploader/vault.go:89.2,90.93 2 3
music-streaming/backend/internal/uploader/vault.go:90.93,92.3 1 1
music-streaming/backend/internal/uploader/vault.go:95.2,97.16 3 2
music-streaming/backend/internal/uploader/vault.go:97.16,99.3 1 0
music-streaming/backend/internal/uploader/vault.go:100.2,103.16 3 2
music-streaming/backend/internal/uploader/vault.go:103.16,105.3 1 0
music-streaming/backend/internal/uploader/vault.go:106.2,107.93 2 2
music-streaming/backend/internal/uploader/vault.go:107.93,109.3 1 1
music-streaming/backend/internal/uploader/vault.go:110.2,110.12 1 1
