mode: atomic
music-streaming/backend/internal/uploader/audit.go:50.80,58.2 1 0
music-streaming/backend/internal/uploader/audit.go:62.73,64.2 1 3
music-streaming/backend/internal/uploader/audit.go:67.80,69.16 2 3
music-streaming/backend/internal/uploader/audit.go:69.16,71.3 1 0
music-streaming/backend/internal/uploader/audit.go:72.2,72.67 1 3
music-streaming/backend/internal/uploader/audit.go:76.44,78.2 1 0
music-streaming/backend/internal/uploader/audit.go:86.73,86.87 1 21
music-streaming/backend/internal/uploader/audit.go:89.43,89.57 1 1
music-streaming/backend/internal/uploader/audit.go:95.78,106.19 3 21
music-streaming/backend/internal/uploader/audit.go:106.19,109.3 2 5
music-streaming/backend/internal/uploader/audit.go:111.2,111.12 1 21
music-streaming/backend/internal/uploader/audit.go:111.12,112.67 1 21
music-streaming/backend/internal/uploader/audit.go:112.67,114.4 1 0
music-streaming/backend/internal/uploader/audit.go:119.37,120.47 1 21
music-streaming/backend/internal/uploader/audit.go:120.47,122.3 1 0
music-streaming/backend/internal/uploader/audit.go:123.2,123.53 1 21
music-streaming/backend/internal/uploader/audit.go:123.53,125.32 1 0
music-streaming/backend/internal/uploader/audit.go:125.32,126.20 1 0
music-streaming/backend/internal/uploader/audit.go:126.20,128.5 1 0
music-streaming/backend/internal/uploader/audit.go:130.3,130.12 1 0
music-streaming/backend/internal/uploader/audit.go:132.2,133.16 2 21
music-streaming/backend/internal/uploader/audit.go:133.16,135.3 1 20
music-streaming/backend/internal/uploader/audit.go:136.2,136.13 1 1
music-streaming/backend/internal/uploader/auth.go:31.70,32.18 1 6
music-streaming/backend/internal/uploader/auth.go:32.18,34.72 1 1
music-streaming/backend/internal/uploader/auth.go:34.72,43.4 3 1
music-streaming/backend/internal/uploader/auth.go:46.2,48.71 2 5
music-streaming/backend/internal/uploader/auth.go:48.71,50.16 2 5
music-streaming/backend/internal/uploader/auth.go:50.16,53.4 2 1
music-streaming/backend/internal/uploader/auth.go:55.3,56.17 2 4
music-streaming/backend/internal/uploader/auth.go:56.17,59.4 2 2
music-streaming/backend/internal/uploader/auth.go:61.3,62.40 2 2
music-streaming/backend/internal/uploader/auth.go:68.43,71.61 3 5
music-streaming/backend/internal/uploader/auth.go:71.61,73.3 1 3
music-streaming/backend/internal/uploader/auth.go:74.2,74.35 1 2
music-streaming/backend/internal/uploader/auth.go:79.92,82.16 2 4
music-streaming/backend/internal/uploader/auth.go:82.16,84.3 1 0
music-streaming/backend/internal/uploader/auth.go:86.2,88.16 3 4
music-streaming/backend/internal/uploader/auth.go:88.16,90.3 1 2
music-streaming/backend/internal/uploader/auth.go:91.2,91.18 1 2
music-streaming/backend/internal/uploader/auth.go:91.18,93.3 1 0
music-streaming/backend/internal/uploader/auth.go:94.2,94.35 1 2
music-streaming/backend/internal/uploader/auth.go:94.35,96.3 1 0
music-streaming/backend/internal/uploader/auth.go:98.2,103.8 1 2
music-streaming/backend/internal/uploader/bucket.go:17.65,21.2 3 26
music-streaming/backend/internal/uploader/bucket.go:24.39,28.2 3 6
music-streaming/backend/internal/uploader/bucket.go:32.72,36.16 2 11
music-streaming/backend/internal/uploader/bucket.go:36.16,38.3 1 6
music-streaming/backend/internal/uploader/bucket.go:39.2,39.27 1 5
music-streaming/backend/internal/uploader/bucket.go:39.27,41.3 1 5
music-streaming/backend/internal/uploader/bucket.go:42.2,42.19 1 0
music-streaming/backend/internal/uploader/bucket.go:46.70,47.18 1 6
music-streaming/backend/internal/uploader/bucket.go:48.22,49.29 1 2
music-streaming/backend/internal/uploader/bucket.go:50.23,51.30 1 4
music-streaming/backend/internal/uploader/bucket.go:52.10,53.67 1 0
music-streaming/backend/internal/uploader/bucket.go:59.73,63.40 2 7
music-streaming/backend/internal/uploader/bucket.go:63.40,65.34 2 4
music-streaming/backend/internal/uploader/bucket.go:65.34,68.4 2 0
music-streaming/backend/internal/uploader/bucket.go:69.3,70.9 2 4
music-streaming/backend/internal/uploader/bucket.go:74.2,74.39 1 3
music-streaming/backend/internal/uploader/bucket.go:74.39,77.3 2 0
music-streaming/backend/internal/uploader/bucket.go:80.2,81.18 2 3
music-streaming/backend/internal/uploader/bucket.go:82.25,83.36 1 3
music-streaming/backend/internal/uploader/bucket.go:84.10,85.67 1 0
music-streaming/backend/internal/uploader/bucket.go:91.74,93.16 2 2
music-streaming/backend/internal/uploader/bucket.go:93.16,96.3 2 0
music-streaming/backend/internal/uploader/bucket.go:98.2,108.35 4 2
music-streaming/backend/internal/uploader/bucket.go:108.35,110.28 2 4
music-streaming/backend/internal/uploader/bucket.go:110.28,112.4 1 4
music-streaming/backend/internal/uploader/bucket.go:115.2,118.35 2 2
music-streaming/backend/internal/uploader/bucket.go:118.35,120.49 2 4
music-streaming/backend/internal/uploader/bucket.go:120.49,121.12 1 1
music-streaming/backend/internal/uploader/bucket.go:123.3,124.28 2 3
music-streaming/backend/internal/uploader/bucket.go:124.28,126.4 1 3
music-streaming/backend/internal/uploader/bucket.go:127.3,127.34 1 3
music-streaming/backend/internal/uploader/bucket.go:131.2,131.56 1 2
music-streaming/backend/internal/uploader/bucket.go:131.56,133.17 2 0
music-streaming/backend/internal/uploader/bucket.go:133.17,135.30 2 0
music-streaming/backend/internal/uploader/bucket.go:135.30,137.5 1 0
music-streaming/backend/internal/uploader/bucket.go:138.4,138.40 1 0
music-streaming/backend/internal/uploader/bucket.go:138.40,140.49 2 0
music-streaming/backend/internal/uploader/bucket.go:140.49,141.14 1 0
music-streaming/backend/internal/uploader/bucket.go:143.5,145.32 3 0
music-streaming/backend/internal/uploader/bucket.go:150.2,152.59 3 2
music-streaming/backend/internal/uploader/bucket.go:158.75,159.80 1 4
music-streaming/backend/internal/uploader/bucket.go:159.80,162.3 2 1
music-streaming/backend/internal/uploader/bucket.go:164.2,167.62 2 3
music-streaming/backend/internal/uploader/bucket.go:167.62,170.3 2 0
music-streaming/backend/internal/uploader/bucket.go:171.2,171.40 1 3
music-streaming/backend/internal/uploader/bucket.go:171.40,174.3 2 1
music-streaming/backend/internal/uploader/bucket.go:177.2,178.16 2 2
music-streaming/backend/internal/uploader/bucket.go:178.16,181.3 2 0
music-streaming/backend/internal/uploader/bucket.go:182.2,182.12 1 2
music-streaming/backend/internal/uploader/bucket.go:182.12,185.3 2 1
music-streaming/backend/internal/uploader/bucket.go:187.2,189.17 1 1
music-streaming/backend/internal/uploader/bucket.go:189.17,192.3 2 0
music-streaming/backend/internal/uploader/bucket.go:194.2,200.77 4 1
music-streaming/backend/internal/uploader/bucket.go:206.88,207.80 1 3
music-streaming/backend/internal/uploader/bucket.go:207.80,210.3 2 1
music-streaming/backend/internal/uploader/bucket.go:212.2,212.16 1 2
music-streaming/backend/internal/uploader/bucket.go:212.16,215.3 2 0
music-streaming/backend/internal/uploader/bucket.go:218.2,219.16 2 2
music-streaming/backend/internal/uploader/bucket.go:219.16,222.3 2 0
music-streaming/backend/internal/uploader/bucket.go:223.2,223.13 1 2
music-streaming/backend/internal/uploader/bucket.go:223.13,226.3 2 1
music-streaming/backend/internal/uploader/bucket.go:229.2,232.16 2 1
music-streaming/backend/internal/uploader/bucket.go:232.16,235.3 2 0
music-streaming/backend/internal/uploader/bucket.go:237.2,237.31 1 1
music-streaming/backend/internal/uploader/bucket.go:237.31,239.40 2 1
music-streaming/backend/internal/uploader/bucket.go:239.40,241.4 1 2
music-streaming/backend/internal/uploader/bucket.go:242.3,245.18 1 1
music-streaming/backend/internal/uploader/bucket.go:245.18,248.4 2 0
music-streaming/backend/internal/uploader/bucket.go:251.2,253.17 1 1
music-streaming/backend/internal/uploader/bucket.go:253.17,256.3 2 0
music-streaming/backend/internal/uploader/bucket.go:258.2,259.74 2 1
music-streaming/backend/internal/uploader/bucket.go:266.91,267.80 1 4
music-streaming/backend/internal/uploader/bucket.go:267.80,270.3 2 1
music-streaming/backend/internal/uploader/bucket.go:272.2,272.19 1 3
music-streaming/backend/internal/uploader/bucket.go:272.19,275.3 2 0
music-streaming/backend/internal/uploader/bucket.go:277.2,280.62 2 3
music-streaming/backend/internal/uploader/bucket.go:280.62,283.3 2 0
music-streaming/backend/internal/uploader/bucket.go:284.2,284.43 1 3
music-streaming/backend/internal/uploader/bucket.go:284.43,287.3 2 1
music-streaming/backend/internal/uploader/bucket.go:288.2,288.29 1 2
music-streaming/backend/internal/uploader/bucket.go:288.29,291.3 2 0
music-streaming/backend/internal/uploader/bucket.go:294.2,295.16 2 2
music-streaming/backend/internal/uploader/bucket.go:295.16,298.3 2 0
music-streaming/backend/internal/uploader/bucket.go:299.2,299.16 1 2
music-streaming/backend/internal/uploader/bucket.go:299.16,302.3 2 0
music-streaming/backend/internal/uploader/bucket.go:305.2,306.16 2 2
music-streaming/backend/internal/uploader/bucket.go:306.16,309.3 2 0
music-streaming/backend/internal/uploader/bucket.go:310.2,310.15 1 2
music-streaming/backend/internal/uploader/bucket.go:310.15,313.3 2 1
music-streaming/backend/internal/uploader/bucket.go:316.2,318.17 1 1
music-streaming/backend/internal/uploader/bucket.go:318.17,321.3 2 0
music-streaming/backend/internal/uploader/bucket.go:324.2,327.16 2 1
music-streaming/backend/internal/uploader/bucket.go:327.16,330.3 2 0
music-streaming/backend/internal/uploader/bucket.go:332.2,332.39 1 1
music-streaming/backend/internal/uploader/bucket.go:332.39,338.18 2 1
music-streaming/backend/internal/uploader/bucket.go:338.18,341.4 2 0
music-streaming/backend/internal/uploader/bucket.go:345.2,345.31 1 1
music-streaming/backend/internal/uploader/bucket.go:345.31,347.40 2 1
music-streaming/backend/internal/uploader/bucket.go:347.40,349.4 1 1
music-streaming/backend/internal/uploader/bucket.go:350.3,353.18 1 1
music-streaming/backend/internal/uploader/bucket.go:353.18,356.4 2 0
music-streaming/backend/internal/uploader/bucket.go:359.2,361.17 1 1
music-streaming/backend/internal/uploader/bucket.go:361.17,364.3 2 0
music-streaming/backend/internal/uploader/bucket.go:366.2,371.80 3 1
music-streaming/backend/internal/uploader/claims.go:20.61,23.2 2 53
music-streaming/backend/internal/uploader/claims.go:27.54,28.37 1 6
music-streaming/backend/internal/uploader/claims.go:28.37,29.15 1 6
music-streaming/backend/internal/uploader/claims.go:29.15,31.4 1 0
music-streaming/backend/internal/uploader/claims.go:32.3,32.18 1 6
music-streaming/backend/internal/uploader/claims.go:32.18,34.4 1 1
music-streaming/backend/internal/uploader/claims.go:36.2,36.14 1 5
music-streaming/backend/internal/uploader/claims.go:41.49,42.23 1 0
music-streaming/backend/internal/uploader/claims.go:42.23,44.3 1 0
music-streaming/backend/internal/uploader/claims.go:45.2,45.37 1 0
music-streaming/backend/internal/uploader/claims.go:45.37,46.30 1 0
music-streaming/backend/internal/uploader/claims.go:46.30,48.4 1 0
music-streaming/backend/internal/uploader/claims.go:50.2,50.14 1 0
music-streaming/backend/internal/uploader/cors.go:9.43,10.71 1 4
music-streaming/backend/internal/uploader/cors.go:10.71,18.37 6 4
music-streaming/backend/internal/uploader/cors.go:18.37,21.4 2 2
music-streaming/backend/internal/uploader/cors.go:23.3,23.23 1 2
music-streaming/backend/internal/uploader/jwk_rsa.go:12.74,14.16 2 0
music-streaming/backend/internal/uploader/jwk_rsa.go:14.16,16.3 1 0
music-streaming/backend/internal/uploader/jwk_rsa.go:18.2,19.16 2 0
music-streaming/backend/internal/uploader/jwk_rsa.go:19.16,21.3 1 0
music-streaming/backend/internal/uploader/jwk_rsa.go:23.2,27.27 3 0
music-streaming/backend/internal/uploader/jwk_rsa.go:27.27,29.3 1 0
music-streaming/backend/internal/uploader/jwk_rsa.go:30.2,30.12 1 0
music-streaming/backend/internal/uploader/jwk_rsa.go:30.12,32.3 1 0
music-streaming/backend/internal/uploader/jwk_rsa.go:34.2,34.40 1 0
music-streaming/backend/internal/uploader/provision.go:16.78,17.71 1 4
music-streaming/backend/internal/uploader/provision.go:17.71,18.66 1 4
music-streaming/backend/internal/uploader/provision.go:18.66,21.4 2 2
music-streaming/backend/internal/uploader/provision.go:22.3,22.23 1 2
music-streaming/backend/internal/uploader/provision.go:30.47,35.2 4 12
music-streaming/backend/internal/uploader/provision.go:45.76,46.33 1 5
music-streaming/backend/internal/uploader/provision.go:46.33,49.3 2 1
music-streaming/backend/internal/uploader/provision.go:51.2,54.62 2 4
music-streaming/backend/internal/uploader/provision.go:54.62,57.3 2 0
music-streaming/backend/internal/uploader/provision.go:59.2,60.21 2 4
music-streaming/backend/internal/uploader/provision.go:60.21,63.3 2 1
music-streaming/backend/internal/uploader/provision.go:65.2,68.16 3 3
music-streaming/backend/internal/uploader/provision.go:68.16,71.3 2 0
music-streaming/backend/internal/uploader/provision.go:73.2,74.12 2 3
music-streaming/backend/internal/uploader/provision.go:74.12,78.3 3 1
music-streaming/backend/internal/uploader/provision.go:80.2,82.17 1 2
music-streaming/backend/internal/uploader/provision.go:82.17,85.3 2 0
music-streaming/backend/internal/uploader/provision.go:87.2,89.97 3 2
music-streaming/backend/internal/uploader/server.go:53.88,54.36 1 4
music-streaming/backend/internal/uploader/server.go:54.36,56.3 1 0
music-streaming/backend/internal/uploader/server.go:57.2,57.43 1 4
music-streaming/backend/internal/uploader/server.go:57.43,59.3 1 4
music-streaming/backend/internal/uploader/server.go:60.2,61.16 2 0
music-streaming/backend/internal/uploader/server.go:61.16,63.3 1 0
music-streaming/backend/internal/uploader/server.go:64.2,64.11 1 0
music-streaming/backend/internal/uploader/server.go:68.36,76.131 6 0
music-streaming/backend/internal/uploader/server.go:76.131,77.23 1 0
music-streaming/backend/internal/uploader/server.go:77.23,83.4 1 0
music-streaming/backend/internal/uploader/server.go:84.3,84.54 1 0
music-streaming/backend/internal/uploader/server.go:87.2,92.16 2 0
music-streaming/backend/internal/uploader/server.go:92.16,94.3 1 0
music-streaming/backend/internal/uploader/server.go:97.2,97.56 1 0
music-streaming/backend/internal/uploader/server.go:97.56,99.3 1 0
music-streaming/backend/internal/uploader/server.go:101.2,102.16 2 0
music-streaming/backend/internal/uploader/server.go:102.16,104.3 1 0
music-streaming/backend/internal/uploader/server.go:106.2,112.8 1 0
music-streaming/backend/internal/uploader/server.go:116.85,128.16 5 5
music-streaming/backend/internal/uploader/server.go:128.16,130.3 1 0
music-streaming/backend/internal/uploader/server.go:132.2,132.53 1 5
music-streaming/backend/internal/uploader/server.go:137.94,150.16 6 0
music-streaming/backend/internal/uploader/server.go:150.16,152.3 1 0
music-streaming/backend/internal/uploader/server.go:154.2,154.52 1 0
music-streaming/backend/internal/uploader/server.go:158.75,159.45 1 0
music-streaming/backend/internal/uploader/server.go:159.45,161.3 1 0
music-streaming/backend/internal/uploader/server.go:163.2,164.16 2 0
music-streaming/backend/internal/uploader/server.go:164.16,166.3 1 0
music-streaming/backend/internal/uploader/server.go:168.2,169.35 2 0
music-streaming/backend/internal/uploader/server.go:174.57,175.50 1 4
music-streaming/backend/internal/uploader/server.go:175.50,178.40 3 5
music-streaming/backend/internal/uploader/server.go:178.40,180.18 2 2
music-streaming/backend/internal/uploader/server.go:180.18,182.5 1 2
music-streaming/backend/internal/uploader/server.go:185.2,185.11 1 2
music-streaming/backend/internal/uploader/server.go:195.68,200.63 3 0
music-streaming/backend/internal/uploader/server.go:200.63,203.3 2 0
music-streaming/backend/internal/uploader/server.go:206.2,211.27 4 0
music-streaming/backend/internal/uploader/server.go:211.27,213.19 2 0
music-streaming/backend/internal/uploader/server.go:214.23,215.71 1 0
music-streaming/backend/internal/uploader/server.go:215.71,218.5 2 0
music-streaming/backend/internal/uploader/server.go:219.4,220.10 2 0
music-streaming/backend/internal/uploader/server.go:221.26,223.10 2 0
music-streaming/backend/internal/uploader/server.go:224.11,226.10 2 0
music-streaming/backend/internal/uploader/server.go:231.2,231.63 1 0
music-streaming/backend/internal/uploader/server.go:231.63,233.19 2 0
music-streaming/backend/internal/uploader/server.go:233.19,236.4 2 0
music-streaming/backend/internal/uploader/server.go:238.3,238.55 1 0
music-streaming/backend/internal/uploader/server.go:238.55,239.55 1 0
music-streaming/backend/internal/uploader/server.go:239.55,243.5 3 0
music-streaming/backend/internal/uploader/server.go:246.3,247.17 2 0
music-streaming/backend/internal/uploader/server.go:247.17,250.4 2 0
music-streaming/backend/internal/uploader/server.go:253.3,257.9 4 0
music-streaming/backend/internal/uploader/server.go:261.2,261.26 1 0
music-streaming/backend/internal/uploader/server.go:261.26,264.17 3 0
music-streaming/backend/internal/uploader/server.go:264.17,267.4 2 0
music-streaming/backend/internal/uploader/server.go:268.3,269.9 2 0
music-streaming/backend/internal/uploader/server.go:273.2,273.30 1 0
music-streaming/backend/internal/uploader/server.go:278.72,280.18 2 4
music-streaming/backend/internal/uploader/server.go:280.18,283.3 2 1
music-streaming/backend/internal/uploader/server.go:285.2,285.54 1 3
music-streaming/backend/internal/uploader/server.go:285.54,286.54 1 1
music-streaming/backend/internal/uploader/server.go:286.54,290.4 3 1
music-streaming/backend/internal/uploader/server.go:293.2,296.16 2 2
music-streaming/backend/internal/uploader/server.go:296.16,297.28 1 1
music-streaming/backend/internal/uploader/server.go:297.28,300.4 2 1
music-streaming/backend/internal/uploader/server.go:301.3,302.9 2 0
music-streaming/backend/internal/uploader/server.go:305.2,315.38 3 1
music-streaming/backend/internal/uploader/server.go:315.38,318.51 2 2
music-streaming/backend/internal/uploader/server.go:318.51,319.12 1 1
music-streaming/backend/internal/uploader/server.go:323.3,328.17 3 1
music-streaming/backend/internal/uploader/server.go:328.17,332.78 2 1
music-streaming/backend/internal/uploader/server.go:332.78,333.72 1 1
music-streaming/backend/internal/uploader/server.go:333.72,335.6 1 1
music-streaming/backend/internal/uploader/server.go:337.4,337.24 1 1
music-streaming/backend/internal/uploader/server.go:340.3,341.30 2 1
music-streaming/backend/internal/uploader/server.go:341.30,343.4 1 0
music-streaming/backend/internal/uploader/server.go:346.3,356.5 3 1
music-streaming/backend/internal/uploader/server.go:359.2,360.57 2 1
music-streaming/backend/internal/uploader/server.go:360.57,363.3 2 0
music-streaming/backend/internal/uploader/server.go:364.2,364.71 1 1
music-streaming/backend/internal/uploader/server.go:369.95,370.54 1 3
music-streaming/backend/internal/uploader/server.go:370.54,371.54 1 1
music-streaming/backend/internal/uploader/server.go:371.54,375.4 3 1
music-streaming/backend/internal/uploader/server.go:379.2,384.16 3 2
music-streaming/backend/internal/uploader/server.go:384.16,388.77 2 1
music-streaming/backend/internal/uploader/server.go:388.77,389.59 1 1
music-streaming/backend/internal/uploader/server.go:389.59,391.5 1 1
music-streaming/backend/internal/uploader/server.go:393.3,393.23 1 1
music-streaming/backend/internal/uploader/server.go:397.2,401.16 2 2
music-streaming/backend/internal/uploader/server.go:401.16,402.28 1 1
music-streaming/backend/internal/uploader/server.go:402.28,405.4 2 1
music-streaming/backend/internal/uploader/server.go:406.3,407.9 2 0
music-streaming/backend/internal/uploader/server.go:409.2,413.54 3 1
music-streaming/backend/internal/uploader/server.go:413.54,415.3 1 1
music-streaming/backend/internal/uploader/server.go:416.2,418.56 3 1
music-streaming/backend/internal/uploader/server.go:418.56,420.3 1 1
music-streaming/backend/internal/uploader/server.go:422.2,424.75 3 1
music-streaming/backend/internal/uploader/server.go:429.93,430.54 1 3
music-streaming/backend/internal/uploader/server.go:430.54,431.54 1 1
music-streaming/backend/internal/uploader/server.go:431.54,435.4 3 1
music-streaming/backend/internal/uploader/server.go:439.2,443.16 2 2
music-streaming/backend/internal/uploader/server.go:443.16,444.28 1 1
music-streaming/backend/internal/uploader/server.go:444.28,447.4 2 1
music-streaming/backend/internal/uploader/server.go:448.3,449.9 2 0
music-streaming/backend/internal/uploader/server.go:453.2,462.16 2 1
music-streaming/backend/internal/uploader/server.go:462.16,465.3 2 0
music-streaming/backend/internal/uploader/server.go:467.2,468.80 2 1
music-streaming/backend/internal/uploader/server.go:472.39,476.2 3 6
music-streaming/backend/internal/uploader/server.go:479.43,482.2 2 1
music-streaming/backend/internal/uploader/shares.go:16.73,20.20 3 0
music-streaming/backend/internal/uploader/shares.go:20.20,23.3 2 0
music-streaming/backend/internal/uploader/shares.go:24.2,27.18 3 0
music-streaming/backend/internal/uploader/shares.go:27.18,30.3 2 0
music-streaming/backend/internal/uploader/shares.go:33.2,34.45 2 0
music-streaming/backend/internal/uploader/shares.go:34.45,37.3 2 0
music-streaming/backend/internal/uploader/shares.go:39.2,39.21 1 0
music-streaming/backend/internal/uploader/shares.go:39.21,42.3 2 0
music-streaming/backend/internal/uploader/shares.go:44.2,44.9 1 0
music-streaming/backend/internal/uploader/shares.go:45.57,46.35 1 0
music-streaming/backend/internal/uploader/shares.go:47.58,48.44 1 0
music-streaming/backend/internal/uploader/shares.go:49.60,50.51 1 0
music-streaming/backend/internal/uploader/shares.go:51.10,52.66 1 0
music-streaming/backend/internal/uploader/shares.go:57.87,59.16 2 0
music-streaming/backend/internal/uploader/shares.go:59.16,62.3 2 0
music-streaming/backend/internal/uploader/shares.go:64.2,65.67 2 0
music-streaming/backend/internal/uploader/shares.go:70.104,75.62 2 0
music-streaming/backend/internal/uploader/shares.go:75.62,78.3 2 0
music-streaming/backend/internal/uploader/shares.go:79.2,79.28 1 0
music-streaming/backend/internal/uploader/shares.go:79.28,82.3 2 0
music-streaming/backend/internal/uploader/shares.go:83.2,83.27 1 0
music-streaming/backend/internal/uploader/shares.go:83.27,85.3 1 0
music-streaming/backend/internal/uploader/shares.go:86.2,86.61 1 0
music-streaming/backend/internal/uploader/shares.go:86.61,89.3 2 0
music-streaming/backend/internal/uploader/shares.go:91.2,92.19 2 0
music-streaming/backend/internal/uploader/shares.go:92.19,94.3 1 0
music-streaming/backend/internal/uploader/shares.go:96.2,97.16 2 0
music-streaming/backend/internal/uploader/shares.go:97.16,98.54 1 0
music-streaming/backend/internal/uploader/shares.go:98.54,101.4 2 0
music-streaming/backend/internal/uploader/shares.go:102.3,103.9 2 0
music-streaming/backend/internal/uploader/shares.go:106.2,109.35 4 0
music-streaming/backend/internal/uploader/shares.go:113.101,114.79 1 0
music-streaming/backend/internal/uploader/shares.go:114.79,115.49 1 0
music-streaming/backend/internal/uploader/shares.go:115.49,118.4 2 0
music-streaming/backend/internal/uploader/shares.go:119.3,120.9 2 0
music-streaming/backend/internal/uploader/shares.go:123.2,124.37 2 0
music-streaming/backend/internal/uploader/sharesclient.go:32.60,38.2 1 0
music-streaming/backend/internal/uploader/sharesclient.go:42.94,45.41 2 0
music-streaming/backend/internal/uploader/sharesclient.go:45.41,47.37 2 0
music-streaming/backend/internal/uploader/sharesclient.go:47.37,49.4 1 0
music-streaming/backend/internal/uploader/sharesclient.go:52.2,59.16 3 0
music-streaming/backend/internal/uploader/sharesclient.go:59.16,61.3 1 0
music-streaming/backend/internal/uploader/sharesclient.go:62.2,65.16 3 0
music-streaming/backend/internal/uploader/sharesclient.go:65.16,67.3 1 0
music-streaming/backend/internal/uploader/sharesclient.go:68.2,84.23 6 0
music-streaming/backend/internal/uploader/sharesclient.go:88.55,89.44 1 0
music-streaming/backend/internal/uploader/sharesclient.go:89.44,90.32 1 0
music-streaming/backend/internal/uploader/sharesclient.go:90.32,91.61 1 0
music-streaming/backend/internal/uploader/sharesclient.go:91.61,93.5 1 0
music-streaming/backend/internal/uploader/sharesclient.go:95.3,95.14 1 0
music-streaming/backend/internal/uploader/sharesclient.go:100.113,104.16 3 0
music-streaming/backend/internal/uploader/sharesclient.go:104.16,106.3 1 0
music-streaming/backend/internal/uploader/sharesclient.go:107.2,110.16 3 0
music-streaming/backend/internal/uploader/sharesclient.go:110.16,112.3 1 0
music-streaming/backend/internal/uploader/sharesclient.go:113.2,118.65 3 0
music-streaming/backend/internal/uploader/sharesclient.go:118.65,120.3 1 0
music-streaming/backend/internal/uploader/sharesclient.go:121.2,121.22 1 0
music-streaming/backend/internal/uploader/sharesclient.go:121.22,123.3 1 0
music-streaming/backend/internal/uploader/sharesclient.go:124.2,124.23 1 0
music-streaming/backend/internal/uploader/sharesclient.go:128.148,138.16 3 0
music-streaming/backend/internal/uploader/sharesclient.go:138.16,140.3 1 0
music-streaming/backend/internal/uploader/sharesclient.go:141.2,145.16 4 0
music-streaming/backend/internal/uploader/sharesclient.go:145.16,147.3 1 0
music-streaming/backend/internal/uploader/sharesclient.go:148.2,150.44 2 0
music-streaming/backend/internal/uploader/sharesclient.go:150.44,152.3 1 0
music-streaming/backend/internal/uploader/sharesclient.go:153.2,153.43 1 0
music-streaming/backend/internal/uploader/sharesclient.go:153.43,155.3 1 0
music-streaming/backend/internal/uploader/sharesclient.go:157.2,159.20 3 0
music-streaming/backend/internal/uploader/sharesclient.go:163.92,171.16 3 0
music-streaming/backend/internal/uploader/sharesclient.go:171.16,173.3 1 0
music-streaming/backend/internal/uploader/sharesclient.go:174.2,177.16 3 0
music-streaming/backend/internal/uploader/sharesclient.go:177.16,179.3 1 0
music-streaming/backend/internal/uploader/sharesclient.go:180.2,182.44 2 0
music-streaming/backend/internal/uploader/sharesclient.go:182.44,184.3 1 0
music-streaming/backend/internal/uploader/sharesclient.go:185.2,185.45 1 0
music-streaming/backend/internal/uploader/sharesclient.go:185.45,187.3 1 0
music-streaming/backend/internal/uploader/sharesclient.go:189.2,190.12 2 0
music-streaming/backend/internal/uploader/sharesclient.go:194.113,198.16 3 0
music-streaming/backend/internal/uploader/sharesclient.go:198.16,200.3 1 0
music-streaming/backend/internal/uploader/sharesclient.go:201.2,204.16 3 0
music-streaming/backend/internal/uploader/sharesclient.go:204.16,206.3 1 0
music-streaming/backend/internal/uploader/sharesclient.go:207.2,212.65 3 0
music-streaming/backend/internal/uploader/sharesclient.go:212.65,214.3 1 0
music-streaming/backend/internal/uploader/sharesclient.go:215.2,215.22 1 0
music-streaming/backend/internal/uploader/sharesclient.go:215.22,217.3 1 0
music-streaming/backend/internal/uploader/sharesclient.go:218.2,218.23 1 0
music-streaming/backend/internal/uploader/sharesclient.go:222.43,222.74 1 0
music-streaming/backend/internal/uploader/stream.go:26.93,27.54 1 10
music-streaming/backend/internal/uploader/stream.go:27.54,28.54 1 1
music-streaming/backend/internal/uploader/stream.go:28.54,32.4 3 1
music-streaming/backend/internal/uploader/stream.go:36.2,40.16 2 9
music-streaming/backend/internal/uploader/stream.go:40.16,41.28 1 2
music-streaming/backend/internal/uploader/stream.go:41.28,44.4 2 1
music-streaming/backend/internal/uploader/stream.go:45.3,46.9 2 1
music-streaming/backend/internal/uploader/stream.go:49.2,52.56 3 7
music-streaming/backend/internal/uploader/stream.go:52.56,54.3 1 6
music-streaming/backend/internal/uploader/stream.go:59.2,64.23 5 7
music-streaming/backend/internal/uploader/stream.go:64.23,69.3 3 4
music-streaming/backend/internal/uploader/stream.go:72.2,73.16 2 3
music-streaming/backend/internal/uploader/stream.go:73.16,79.3 3 1
music-streaming/backend/internal/uploader/stream.go:83.2,89.16 3 2
music-streaming/backend/internal/uploader/stream.go:89.16,90.28 1 0
music-streaming/backend/internal/uploader/stream.go:90.28,93.4 2 0
music-streaming/backend/internal/uploader/stream.go:94.3,95.9 2 0
music-streaming/backend/internal/uploader/stream.go:97.2,104.95 7 2
music-streaming/backend/internal/uploader/stream.go:109.108,114.16 2 4
music-streaming/backend/internal/uploader/stream.go:114.16,115.28 1 2
music-streaming/backend/internal/uploader/stream.go:115.28,118.4 2 1
music-streaming/backend/internal/uploader/stream.go:119.3,120.9 2 1
music-streaming/backend/internal/uploader/stream.go:122.2,126.22 4 2
music-streaming/backend/internal/uploader/stream.go:140.83,141.42 1 22
music-streaming/backend/internal/uploader/stream.go:141.42,143.3 1 1
music-streaming/backend/internal/uploader/stream.go:144.2,147.33 2 21
music-streaming/backend/internal/uploader/stream.go:147.33,149.3 1 1
music-streaming/backend/internal/uploader/stream.go:151.2,152.21 2 20
music-streaming/backend/internal/uploader/stream.go:152.21,154.3 1 0
music-streaming/backend/internal/uploader/stream.go:155.2,157.36 2 20
music-streaming/backend/internal/uploader/stream.go:157.36,159.3 1 1
music-streaming/backend/internal/uploader/stream.go:162.2,162.20 1 19
music-streaming/backend/internal/uploader/stream.go:162.20,164.28 2 5
music-streaming/backend/internal/uploader/stream.go:164.28,166.4 1 2
music-streaming/backend/internal/uploader/stream.go:167.3,168.16 2 3
music-streaming/backend/internal/uploader/stream.go:168.16,170.4 1 1
music-streaming/backend/internal/uploader/stream.go:171.3,171.35 1 3
music-streaming/backend/internal/uploader/stream.go:174.2,175.29 2 14
music-streaming/backend/internal/uploader/stream.go:175.29,177.3 1 1
music-streaming/backend/internal/uploader/stream.go:178.2,178.24 1 13
music-streaming/backend/internal/uploader/stream.go:178.24,180.3 1 3
music-streaming/backend/internal/uploader/stream.go:183.2,183.18 1 10
music-streaming/backend/internal/uploader/stream.go:183.18,185.3 1 2
music-streaming/backend/internal/uploader/stream.go:187.2,188.31 2 8
music-streaming/backend/internal/uploader/stream.go:188.31,190.3 1 2
music-streaming/backend/internal/uploader/stream.go:192.2,192.22 1 6
music-streaming/backend/internal/uploader/stream.go:192.22,194.3 1 1
music-streaming/backend/internal/uploader/stream.go:195.2,195.24 1 6
